<?xml version="1.0" encoding="UTF-8"?>
<robot generator="Robot 6.1.1 (Python 3.11.8 on win32)" generated="20251001 14:48:04.073" rpa="false" schemaversion="4">
<suite id="s1" name="Tests" source="C:\Users\user\Desktop\Challenge @ 02\challenge-02\ServeRest\tests">
<suite id="s1-s1" name="Carrinho" source="C:\Users\user\Desktop\Challenge @ 02\challenge-02\ServeRest\tests\carrinho">
<suite id="s1-s1-s1" name="Tests Carrinho" source="C:\Users\user\Desktop\Challenge @ 02\challenge-02\ServeRest\tests\carrinho\tests_carrinho.robot">
<kw name="Dados de Teste" type="SETUP">
<doc>Preparação dos dados e pré requisitos para execução dos testes</doc>
<kw name="Criar Usuario E Retornar Token" library="auth_keywords">
<var>${token}</var>
<doc>Cria um usuário administrador e retorna o token de autenticação</doc>
<kw name="Gerar Dados de Usuário" library="usuarios_keywords">
<var>${usuario}</var>
<arg>administrador=true</arg>
<doc>Gera dados válidos para cadastro de novo usuário</doc>
<kw name="Gerar Nome" library="FakerHelper">
<var>${nome}</var>
<doc>Gera um nome aleatório</doc>
<msg timestamp="20251001 14:48:05.100" level="INFO">${nome} = Júlia da Cruz</msg>
<status status="PASS" starttime="20251001 14:48:05.000" endtime="20251001 14:48:05.100"/>
</kw>
<kw name="Gerar Email" library="FakerHelper">
<var>${email}</var>
<doc>Gera um email aleatório único</doc>
<msg timestamp="20251001 14:48:05.100" level="INFO">${email} = caio67@example.net</msg>
<status status="PASS" starttime="20251001 14:48:05.100" endtime="20251001 14:48:05.100"/>
</kw>
<kw name="Gerar Senha" library="FakerHelper">
<var>${password}</var>
<arg>tamanho=8</arg>
<doc>Gera uma senha aleatória</doc>
<msg timestamp="20251001 14:48:05.100" level="INFO">${password} = H0gP1lfz</msg>
<status status="PASS" starttime="20251001 14:48:05.100" endtime="20251001 14:48:05.100"/>
</kw>
<kw name="Create Dictionary" library="BuiltIn">
<var>${usuario}</var>
<arg>nome=${nome}</arg>
<arg>email=${email}</arg>
<arg>password=${password}</arg>
<arg>administrador=${administrador}</arg>
<doc>Creates and returns a dictionary based on the given ``items``.</doc>
<msg timestamp="20251001 14:48:05.108" level="INFO">${usuario} = {'nome': 'Júlia da Cruz', 'email': 'caio67@example.net', 'password': 'H0gP1lfz', 'administrador': 'true'}</msg>
<status status="PASS" starttime="20251001 14:48:05.100" endtime="20251001 14:48:05.108"/>
</kw>
<return>
<value>${usuario}</value>
<status status="PASS" starttime="20251001 14:48:05.108" endtime="20251001 14:48:05.108"/>
</return>
<msg timestamp="20251001 14:48:05.108" level="INFO">${usuario} = {'nome': 'Júlia da Cruz', 'email': 'caio67@example.net', 'password': 'H0gP1lfz', 'administrador': 'true'}</msg>
<status status="PASS" starttime="20251001 14:48:05.000" endtime="20251001 14:48:05.108"/>
</kw>
<kw name="Cadastrar Usuario" library="usuarios_keywords">
<var>${response_cadastro}</var>
<arg>${usuario}</arg>
<doc>Cadastra um novo usuário</doc>
<kw name="Create Session" library="RequestsLibrary">
<arg>serverest</arg>
<arg>${BASE_URL}</arg>
<arg>verify=True</arg>
<doc>Create Session: create a HTTP session to a server</doc>
<msg timestamp="20251001 14:48:05.108" level="INFO">Creating Session using : alias=serverest, url=https://compassuol.serverest.dev, headers={},                     cookies={}, auth=None, timeout=None, proxies=None, verify=True,                     debug=0 </msg>
<status status="PASS" starttime="20251001 14:48:05.108" endtime="20251001 14:48:05.108"/>
</kw>
<kw name="POST On Session" library="RequestsLibrary">
<var>${response}</var>
<arg>serverest</arg>
<arg>${ENDPOINT_USUARIOS}</arg>
<arg>json=${usuario_data}</arg>
<arg>expected_status=any</arg>
<doc>Sends a POST request on a previously created HTTP Session.</doc>
<msg timestamp="20251001 14:48:06.089" level="INFO">POST Request : url=https://compassuol.serverest.dev/usuarios 
 path_url=/usuarios 
 headers={'User-Agent': 'python-requests/2.31.0', 'Accept-Encoding': 'gzip, deflate', 'Accept': '*/*', 'Connection': 'keep-alive', 'Content-Length': '110', 'Content-Type': 'application/json'} 
 body=b'{"nome": "J\\u00falia da Cruz", "email": "caio67@example.net", "password": "H0gP1lfz", "administrador": "true"}' 
 </msg>
<msg timestamp="20251001 14:48:06.089" level="INFO">POST Response : url=https://compassuol.serverest.dev/usuarios 
 status=201, reason=Created 
 headers={'access-control-allow-origin': '*', 'x-dns-prefetch-control': 'off', 'x-frame-options': 'SAMEORIGIN', 'strict-transport-security': 'max-age=15552000; includeSubDomains', 'x-download-options': 'noopen', 'x-content-type-options': 'nosniff', 'x-xss-protection': '1; mode=block', 'content-type': 'application/json; charset=utf-8', 'x-cloud-trace-context': '704399219fa73979e11d3555ee7133d5;o=1', 'date': 'Wed, 01 Oct 2025 17:48:05 GMT', 'server': 'Google Frontend', 'Content-Length': '82'} 
 body={
    "message": "Cadastro realizado com sucesso",
    "_id": "1Nxv5pFaf0HMZCp3"
} 
 </msg>
<msg timestamp="20251001 14:48:06.089" level="INFO">${response} = &lt;Response [201]&gt;</msg>
<status status="PASS" starttime="20251001 14:48:05.108" endtime="20251001 14:48:06.089"/>
</kw>
<return>
<value>${response}</value>
<status status="PASS" starttime="20251001 14:48:06.089" endtime="20251001 14:48:06.089"/>
</return>
<msg timestamp="20251001 14:48:06.089" level="INFO">${response_cadastro} = &lt;Response [201]&gt;</msg>
<status status="PASS" starttime="20251001 14:48:05.108" endtime="20251001 14:48:06.089"/>
</kw>
<kw name="Should Be Equal As Numbers" library="BuiltIn">
<arg>${response_cadastro.status_code}</arg>
<arg>${STATUS_201}</arg>
<doc>Fails if objects are unequal after converting them to real numbers.</doc>
<msg timestamp="20251001 14:48:06.089" level="INFO">Argument types are:
&lt;class 'int'&gt;
&lt;class 'str'&gt;</msg>
<status status="PASS" starttime="20251001 14:48:06.089" endtime="20251001 14:48:06.096"/>
</kw>
<kw name="Realizar Login" library="auth_keywords">
<var>${response_login}</var>
<arg>${usuario}[email]</arg>
<arg>${usuario}[password]</arg>
<kw name="Create Dictionary" library="BuiltIn">
<var>${body}</var>
<arg>email=${email}</arg>
<arg>password=${password}</arg>
<doc>Creates and returns a dictionary based on the given ``items``.</doc>
<msg timestamp="20251001 14:48:06.099" level="INFO">${body} = {'email': 'caio67@example.net', 'password': 'H0gP1lfz'}</msg>
<status status="PASS" starttime="20251001 14:48:06.097" endtime="20251001 14:48:06.099"/>
</kw>
<kw name="Create Session" library="RequestsLibrary">
<arg>serverest</arg>
<arg>${BASE_URL}</arg>
<arg>verify=True</arg>
<doc>Create Session: create a HTTP session to a server</doc>
<msg timestamp="20251001 14:48:06.099" level="INFO">Creating Session using : alias=serverest, url=https://compassuol.serverest.dev, headers={},                     cookies={}, auth=None, timeout=None, proxies=None, verify=True,                     debug=0 </msg>
<status status="PASS" starttime="20251001 14:48:06.099" endtime="20251001 14:48:06.099"/>
</kw>
<kw name="POST On Session" library="RequestsLibrary">
<var>${response}</var>
<arg>serverest</arg>
<arg>${ENDPOINT_LOGIN}</arg>
<arg>json=${body}</arg>
<arg>expected_status=any</arg>
<doc>Sends a POST request on a previously created HTTP Session.</doc>
<msg timestamp="20251001 14:48:07.115" level="INFO">POST Request : url=https://compassuol.serverest.dev/login 
 path_url=/login 
 headers={'User-Agent': 'python-requests/2.31.0', 'Accept-Encoding': 'gzip, deflate', 'Accept': '*/*', 'Connection': 'keep-alive', 'Content-Length': '55', 'Content-Type': 'application/json'} 
 body=b'{"email": "caio67@example.net", "password": "H0gP1lfz"}' 
 </msg>
<msg timestamp="20251001 14:48:07.115" level="INFO">POST Response : url=https://compassuol.serverest.dev/login 
 status=200, reason=OK 
 headers={'access-control-allow-origin': '*', 'x-dns-prefetch-control': 'off', 'x-frame-options': 'SAMEORIGIN', 'strict-transport-security': 'max-age=15552000; includeSubDomains', 'x-download-options': 'noopen', 'x-content-type-options': 'nosniff', 'x-xss-protection': '1; mode=block', 'content-type': 'application/json; charset=utf-8', 'x-cloud-trace-context': '2844d7853f69d50e3447658793715a30', 'date': 'Wed, 01 Oct 2025 17:48:06 GMT', 'server': 'Google Frontend', 'Content-Length': '276'} 
 body={
    "message": "Login realizado com sucesso",
    "authorization": "Bearer eyJhbGciOiJIUzI1NiIsInR5cCI6IkpXVCJ9.eyJlbWFpbCI6ImNhaW82N0BleGFtcGxlLm5ldCIsInBhc3N3b3JkIjoiSDBnUDFsZnoiLCJpYXQiOjE3NTkzNDA4ODYsImV4cCI6MTc1OTM0MTQ4Nn0.LbYwJtVGBtNbfjezXEaCVMdPUEz0X-nuAkh0tym0Vgo"
} 
 </msg>
<msg timestamp="20251001 14:48:07.115" level="INFO">${response} = &lt;Response [200]&gt;</msg>
<status status="PASS" starttime="20251001 14:48:06.099" endtime="20251001 14:48:07.117"/>
</kw>
<return>
<value>${response}</value>
<status status="PASS" starttime="20251001 14:48:07.117" endtime="20251001 14:48:07.117"/>
</return>
<msg timestamp="20251001 14:48:07.117" level="INFO">${response_login} = &lt;Response [200]&gt;</msg>
<status status="PASS" starttime="20251001 14:48:06.096" endtime="20251001 14:48:07.117"/>
</kw>
<kw name="Extrair Token Da Resposta" library="auth_keywords">
<var>${token}</var>
<arg>${response_login}</arg>
<doc>Extrai o token de autorização da resposta de login</doc>
<kw name="Get From Dictionary" library="Collections">
<var>${token}</var>
<arg>${response.json()}</arg>
<arg>authorization</arg>
<doc>Returns a value from the given ``dictionary`` based on the given ``key``.</doc>
<msg timestamp="20251001 14:48:07.117" level="INFO">${token} = Bearer eyJhbGciOiJIUzI1NiIsInR5cCI6IkpXVCJ9.eyJlbWFpbCI6ImNhaW82N0BleGFtcGxlLm5ldCIsInBhc3N3b3JkIjoiSDBnUDFsZnoiLCJpYXQiOjE3NTkzNDA4ODYsImV4cCI6MTc1OTM0MTQ4Nn0.LbYwJtVGBtNbfjezXEaCVMdPUEz0X-nuAkh0tym0...</msg>
<status status="PASS" starttime="20251001 14:48:07.117" endtime="20251001 14:48:07.117"/>
</kw>
<return>
<value>${token}</value>
<status status="PASS" starttime="20251001 14:48:07.117" endtime="20251001 14:48:07.117"/>
</return>
<msg timestamp="20251001 14:48:07.117" level="INFO">${token} = Bearer eyJhbGciOiJIUzI1NiIsInR5cCI6IkpXVCJ9.eyJlbWFpbCI6ImNhaW82N0BleGFtcGxlLm5ldCIsInBhc3N3b3JkIjoiSDBnUDFsZnoiLCJpYXQiOjE3NTkzNDA4ODYsImV4cCI6MTc1OTM0MTQ4Nn0.LbYwJtVGBtNbfjezXEaCVMdPUEz0X-nuAkh0tym0...</msg>
<status status="PASS" starttime="20251001 14:48:07.117" endtime="20251001 14:48:07.117"/>
</kw>
<return>
<value>${token}</value>
<status status="PASS" starttime="20251001 14:48:07.117" endtime="20251001 14:48:07.117"/>
</return>
<msg timestamp="20251001 14:48:07.117" level="INFO">${token} = Bearer eyJhbGciOiJIUzI1NiIsInR5cCI6IkpXVCJ9.eyJlbWFpbCI6ImNhaW82N0BleGFtcGxlLm5ldCIsInBhc3N3b3JkIjoiSDBnUDFsZnoiLCJpYXQiOjE3NTkzNDA4ODYsImV4cCI6MTc1OTM0MTQ4Nn0.LbYwJtVGBtNbfjezXEaCVMdPUEz0X-nuAkh0tym0...</msg>
<status status="PASS" starttime="20251001 14:48:05.000" endtime="20251001 14:48:07.117"/>
</kw>
<kw name="Set Suite Variable" library="BuiltIn">
<arg>${TOKEN_SUITE}</arg>
<arg>${token}</arg>
<doc>Makes a variable available everywhere within the scope of the current suite.</doc>
<msg timestamp="20251001 14:48:07.117" level="INFO">${TOKEN_SUITE} = Bearer eyJhbGciOiJIUzI1NiIsInR5cCI6IkpXVCJ9.eyJlbWFpbCI6ImNhaW82N0BleGFtcGxlLm5ldCIsInBhc3N3b3JkIjoiSDBnUDFsZnoiLCJpYXQiOjE3NTkzNDA4ODYsImV4cCI6MTc1OTM0MTQ4Nn0.LbYwJtVGBtNbfjezXEaCVMdPUEz0X-nuAkh0tym0...</msg>
<status status="PASS" starttime="20251001 14:48:07.117" endtime="20251001 14:48:07.117"/>
</kw>
<kw name="Gerar Dados de Produto" library="produtos_keywords">
<var>${produto}</var>
<doc>Gera dados válidos para cadastro de produto</doc>
<kw name="Gerar Nome Produto" library="FakerHelper">
<var>${nome}</var>
<doc>Gera um nome de produto aleatório</doc>
<msg timestamp="20251001 14:48:07.117" level="INFO">${nome} = Pendrive Plus 463</msg>
<status status="PASS" starttime="20251001 14:48:07.117" endtime="20251001 14:48:07.117"/>
</kw>
<kw name="Gerar Preco" library="FakerHelper">
<var>${preco}</var>
<arg>minimo=100</arg>
<arg>maximo=9999</arg>
<doc>Gera um preço aleatório</doc>
<msg timestamp="20251001 14:48:07.117" level="INFO">${preco} = 9176</msg>
<status status="PASS" starttime="20251001 14:48:07.117" endtime="20251001 14:48:07.117"/>
</kw>
<kw name="Gerar Descricao" library="FakerHelper">
<var>${descricao}</var>
<doc>Gera uma descrição aleatória</doc>
<msg timestamp="20251001 14:48:07.125" level="INFO">${descricao} = Recusandae numquam esse deserunt nemo. Optio sunt ullam dolor quibusdam hic tenetur.</msg>
<status status="PASS" starttime="20251001 14:48:07.117" endtime="20251001 14:48:07.125"/>
</kw>
<kw name="Gerar Quantidade" library="FakerHelper">
<var>${quantidade}</var>
<arg>minimo=1</arg>
<arg>maximo=100</arg>
<doc>Gera uma quantidade aleatória</doc>
<msg timestamp="20251001 14:48:07.125" level="INFO">${quantidade} = 56</msg>
<status status="PASS" starttime="20251001 14:48:07.125" endtime="20251001 14:48:07.125"/>
</kw>
<kw name="Create Dictionary" library="BuiltIn">
<var>${produto}</var>
<arg>nome=${nome}</arg>
<arg>preco=${preco}</arg>
<arg>descricao=${descricao}</arg>
<arg>quantidade=${quantidade}</arg>
<doc>Creates and returns a dictionary based on the given ``items``.</doc>
<msg timestamp="20251001 14:48:07.125" level="INFO">${produto} = {'nome': 'Pendrive Plus 463', 'preco': 9176, 'descricao': 'Recusandae numquam esse deserunt nemo. Optio sunt ullam dolor quibusdam hic tenetur.', 'quantidade': 56}</msg>
<status status="PASS" starttime="20251001 14:48:07.125" endtime="20251001 14:48:07.125"/>
</kw>
<return>
<value>${produto}</value>
<status status="PASS" starttime="20251001 14:48:07.125" endtime="20251001 14:48:07.125"/>
</return>
<msg timestamp="20251001 14:48:07.125" level="INFO">${produto} = {'nome': 'Pendrive Plus 463', 'preco': 9176, 'descricao': 'Recusandae numquam esse deserunt nemo. Optio sunt ullam dolor quibusdam hic tenetur.', 'quantidade': 56}</msg>
<status status="PASS" starttime="20251001 14:48:07.117" endtime="20251001 14:48:07.125"/>
</kw>
<kw name="Cadastrar Produto Com Token" library="produtos_keywords">
<var>${response}</var>
<arg>${produto}</arg>
<arg>${token}</arg>
<doc>Cadastra um produto com token de autenticação</doc>
<kw name="Create Dictionary" library="BuiltIn">
<var>${headers}</var>
<arg>Authorization=${token}</arg>
<arg>Content-Type=${CONTENT_TYPE}</arg>
<doc>Creates and returns a dictionary based on the given ``items``.</doc>
<msg timestamp="20251001 14:48:07.131" level="INFO">${headers} = {'Authorization': 'Bearer eyJhbGciOiJIUzI1NiIsInR5cCI6IkpXVCJ9.eyJlbWFpbCI6ImNhaW82N0BleGFtcGxlLm5ldCIsInBhc3N3b3JkIjoiSDBnUDFsZnoiLCJpYXQiOjE3NTkzNDA4ODYsImV4cCI6MTc1OTM0MTQ4Nn0.LbYwJtVGBtNbfjezXEaCV...</msg>
<status status="PASS" starttime="20251001 14:48:07.130" endtime="20251001 14:48:07.131"/>
</kw>
<kw name="Create Session" library="RequestsLibrary">
<arg>serverest</arg>
<arg>${BASE_URL}</arg>
<arg>verify=True</arg>
<doc>Create Session: create a HTTP session to a server</doc>
<msg timestamp="20251001 14:48:07.132" level="INFO">Creating Session using : alias=serverest, url=https://compassuol.serverest.dev, headers={},                     cookies={}, auth=None, timeout=None, proxies=None, verify=True,                     debug=0 </msg>
<status status="PASS" starttime="20251001 14:48:07.131" endtime="20251001 14:48:07.132"/>
</kw>
<kw name="POST On Session" library="RequestsLibrary">
<var>${response}</var>
<arg>serverest</arg>
<arg>${ENDPOINT_PRODUTOS}</arg>
<arg>json=${produto_data}</arg>
<arg>headers=${headers}</arg>
<arg>expected_status=any</arg>
<doc>Sends a POST request on a previously created HTTP Session.</doc>
<msg timestamp="20251001 14:48:08.000" level="INFO">POST Request : url=https://compassuol.serverest.dev/produtos 
 path_url=/produtos 
 headers={'User-Agent': 'python-requests/2.31.0', 'Accept-Encoding': 'gzip, deflate', 'Accept': '*/*', 'Connection': 'keep-alive', 'Authorization': 'Bearer eyJhbGciOiJIUzI1NiIsInR5cCI6IkpXVCJ9.eyJlbWFpbCI6ImNhaW82N0BleGFtcGxlLm5ldCIsInBhc3N3b3JkIjoiSDBnUDFsZnoiLCJpYXQiOjE3NTkzNDA4ODYsImV4cCI6MTc1OTM0MTQ4Nn0.LbYwJtVGBtNbfjezXEaCVMdPUEz0X-nuAkh0tym0Vgo', 'Content-Type': 'application/json', 'Content-Length': '163'} 
 body=b'{"nome": "Pendrive Plus 463", "preco": 9176, "descricao": "Recusandae numquam esse deserunt nemo. Optio sunt ullam dolor quibusdam hic tenetur.", "quantidade": 56}' 
 </msg>
<msg timestamp="20251001 14:48:08.006" level="INFO">POST Response : url=https://compassuol.serverest.dev/produtos 
 status=201, reason=Created 
 headers={'access-control-allow-origin': '*', 'x-dns-prefetch-control': 'off', 'x-frame-options': 'SAMEORIGIN', 'strict-transport-security': 'max-age=15552000; includeSubDomains', 'x-download-options': 'noopen', 'x-content-type-options': 'nosniff', 'x-xss-protection': '1; mode=block', 'content-type': 'application/json; charset=utf-8', 'x-cloud-trace-context': '4e2e831b3e40ad9a2f44f4093b4be366', 'date': 'Wed, 01 Oct 2025 17:48:07 GMT', 'server': 'Google Frontend', 'Content-Length': '82'} 
 body={
    "message": "Cadastro realizado com sucesso",
    "_id": "5ZnuVsIwy5ARD9x9"
} 
 </msg>
<msg timestamp="20251001 14:48:08.006" level="INFO">${response} = &lt;Response [201]&gt;</msg>
<status status="PASS" starttime="20251001 14:48:07.132" endtime="20251001 14:48:08.006"/>
</kw>
<return>
<value>${response}</value>
<status status="PASS" starttime="20251001 14:48:08.006" endtime="20251001 14:48:08.006"/>
</return>
<msg timestamp="20251001 14:48:08.006" level="INFO">${response} = &lt;Response [201]&gt;</msg>
<status status="PASS" starttime="20251001 14:48:07.130" endtime="20251001 14:48:08.006"/>
</kw>
<kw name="Get From Dictionary" library="Collections">
<var>${produto_id}</var>
<arg>${response.json()}</arg>
<arg>_id</arg>
<doc>Returns a value from the given ``dictionary`` based on the given ``key``.</doc>
<msg timestamp="20251001 14:48:08.008" level="INFO">${produto_id} = 5ZnuVsIwy5ARD9x9</msg>
<status status="PASS" starttime="20251001 14:48:08.008" endtime="20251001 14:48:08.008"/>
</kw>
<kw name="Set Suite Variable" library="BuiltIn">
<arg>${PRODUTO_ID}</arg>
<arg>${produto_id}</arg>
<doc>Makes a variable available everywhere within the scope of the current suite.</doc>
<msg timestamp="20251001 14:48:08.010" level="INFO">${PRODUTO_ID} = 5ZnuVsIwy5ARD9x9</msg>
<status status="PASS" starttime="20251001 14:48:08.010" endtime="20251001 14:48:08.010"/>
</kw>
<status status="PASS" starttime="20251001 14:48:05.000" endtime="20251001 14:48:08.010"/>
</kw>
<test id="s1-s1-s1-t1" name="SCRUM-22: POST - Cadastrar carrinho" line="39">
<kw name="Criar Dados Carrinho" library="carrinho_keywords">
<var>${carrinho}</var>
<arg>${PRODUTO_ID}</arg>
<arg>quantidade=2</arg>
<doc>Cria os dados de um carrinho com um ou mais produtos</doc>
<kw name="Create Dictionary" library="BuiltIn">
<var>${produto_item}</var>
<arg>idProduto=${produto_id}</arg>
<arg>quantidade=${quantidade}</arg>
<doc>Creates and returns a dictionary based on the given ``items``.</doc>
<msg timestamp="20251001 14:48:08.010" level="INFO">${produto_item} = {'idProduto': '5ZnuVsIwy5ARD9x9', 'quantidade': '2'}</msg>
<status status="PASS" starttime="20251001 14:48:08.010" endtime="20251001 14:48:08.010"/>
</kw>
<kw name="Create List" library="BuiltIn">
<var>${produtos_list}</var>
<arg>${produto_item}</arg>
<doc>Returns a list containing given items.</doc>
<msg timestamp="20251001 14:48:08.010" level="INFO">${produtos_list} = [{'idProduto': '5ZnuVsIwy5ARD9x9', 'quantidade': '2'}]</msg>
<status status="PASS" starttime="20251001 14:48:08.010" endtime="20251001 14:48:08.010"/>
</kw>
<kw name="Create Dictionary" library="BuiltIn">
<var>${carrinho}</var>
<arg>produtos=${produtos_list}</arg>
<doc>Creates and returns a dictionary based on the given ``items``.</doc>
<msg timestamp="20251001 14:48:08.010" level="INFO">${carrinho} = {'produtos': [{'idProduto': '5ZnuVsIwy5ARD9x9', 'quantidade': '2'}]}</msg>
<status status="PASS" starttime="20251001 14:48:08.010" endtime="20251001 14:48:08.010"/>
</kw>
<return>
<value>${carrinho}</value>
<status status="PASS" starttime="20251001 14:48:08.010" endtime="20251001 14:48:08.010"/>
</return>
<msg timestamp="20251001 14:48:08.016" level="INFO">${carrinho} = {'produtos': [{'idProduto': '5ZnuVsIwy5ARD9x9', 'quantidade': '2'}]}</msg>
<status status="PASS" starttime="20251001 14:48:08.010" endtime="20251001 14:48:08.016"/>
</kw>
<kw name="Cadastrar Carrinho Com Token" library="carrinho_keywords">
<var>${response}</var>
<arg>${carrinho}</arg>
<arg>${TOKEN_SUITE}</arg>
<doc>Cadastra um carrinho com token de autenticação</doc>
<kw name="Create Dictionary" library="BuiltIn">
<var>${headers}</var>
<arg>Authorization=${token}</arg>
<arg>Content-Type=${CONTENT_TYPE}</arg>
<doc>Creates and returns a dictionary based on the given ``items``.</doc>
<msg timestamp="20251001 14:48:08.019" level="INFO">${headers} = {'Authorization': 'Bearer eyJhbGciOiJIUzI1NiIsInR5cCI6IkpXVCJ9.eyJlbWFpbCI6ImNhaW82N0BleGFtcGxlLm5ldCIsInBhc3N3b3JkIjoiSDBnUDFsZnoiLCJpYXQiOjE3NTkzNDA4ODYsImV4cCI6MTc1OTM0MTQ4Nn0.LbYwJtVGBtNbfjezXEaCV...</msg>
<status status="PASS" starttime="20251001 14:48:08.017" endtime="20251001 14:48:08.019"/>
</kw>
<kw name="Create Session" library="RequestsLibrary">
<arg>serverest</arg>
<arg>${BASE_URL}</arg>
<arg>verify=True</arg>
<doc>Create Session: create a HTTP session to a server</doc>
<msg timestamp="20251001 14:48:08.019" level="INFO">Creating Session using : alias=serverest, url=https://compassuol.serverest.dev, headers={},                     cookies={}, auth=None, timeout=None, proxies=None, verify=True,                     debug=0 </msg>
<status status="PASS" starttime="20251001 14:48:08.019" endtime="20251001 14:48:08.019"/>
</kw>
<kw name="POST On Session" library="RequestsLibrary">
<var>${response}</var>
<arg>serverest</arg>
<arg>${ENDPOINT_CARRINHOS}</arg>
<arg>json=${carrinho_data}</arg>
<arg>headers=${headers}</arg>
<arg>expected_status=any</arg>
<doc>Sends a POST request on a previously created HTTP Session.</doc>
<msg timestamp="20251001 14:48:09.164" level="INFO">POST Request : url=https://compassuol.serverest.dev/carrinhos 
 path_url=/carrinhos 
 headers={'User-Agent': 'python-requests/2.31.0', 'Accept-Encoding': 'gzip, deflate', 'Accept': '*/*', 'Connection': 'keep-alive', 'Authorization': 'Bearer eyJhbGciOiJIUzI1NiIsInR5cCI6IkpXVCJ9.eyJlbWFpbCI6ImNhaW82N0BleGFtcGxlLm5ldCIsInBhc3N3b3JkIjoiSDBnUDFsZnoiLCJpYXQiOjE3NTkzNDA4ODYsImV4cCI6MTc1OTM0MTQ4Nn0.LbYwJtVGBtNbfjezXEaCVMdPUEz0X-nuAkh0tym0Vgo', 'Content-Type': 'application/json', 'Content-Length': '68'} 
 body=b'{"produtos": [{"idProduto": "5ZnuVsIwy5ARD9x9", "quantidade": "2"}]}' 
 </msg>
<msg timestamp="20251001 14:48:09.164" level="INFO">POST Response : url=https://compassuol.serverest.dev/carrinhos 
 status=201, reason=Created 
 headers={'access-control-allow-origin': '*', 'x-dns-prefetch-control': 'off', 'x-frame-options': 'SAMEORIGIN', 'strict-transport-security': 'max-age=15552000; includeSubDomains', 'x-download-options': 'noopen', 'x-content-type-options': 'nosniff', 'x-xss-protection': '1; mode=block', 'content-type': 'application/json; charset=utf-8', 'x-cloud-trace-context': '067325e3ad7f95e06d6cabd9ba0a0d32', 'date': 'Wed, 01 Oct 2025 17:48:08 GMT', 'server': 'Google Frontend', 'Content-Length': '82'} 
 body={
    "message": "Cadastro realizado com sucesso",
    "_id": "BaZsBspkFNuTEfnv"
} 
 </msg>
<msg timestamp="20251001 14:48:09.166" level="INFO">${response} = &lt;Response [201]&gt;</msg>
<status status="PASS" starttime="20251001 14:48:08.019" endtime="20251001 14:48:09.166"/>
</kw>
<return>
<value>${response}</value>
<status status="PASS" starttime="20251001 14:48:09.166" endtime="20251001 14:48:09.166"/>
</return>
<msg timestamp="20251001 14:48:09.166" level="INFO">${response} = &lt;Response [201]&gt;</msg>
<status status="PASS" starttime="20251001 14:48:08.017" endtime="20251001 14:48:09.166"/>
</kw>
<kw name="Validar Cadastro Carrinho Com Sucesso" library="carrinho_keywords">
<arg>${response}</arg>
<doc>Valida que o carrinho foi cadastrado com sucesso</doc>
<kw name="Should Be Equal As Numbers" library="BuiltIn">
<arg>${response.status_code}</arg>
<arg>${STATUS_201}</arg>
<doc>Fails if objects are unequal after converting them to real numbers.</doc>
<msg timestamp="20251001 14:48:09.171" level="INFO">Argument types are:
&lt;class 'int'&gt;
&lt;class 'str'&gt;</msg>
<status status="PASS" starttime="20251001 14:48:09.166" endtime="20251001 14:48:09.171"/>
</kw>
<kw name="Dictionary Should Contain Key" library="Collections">
<arg>${response.json()}</arg>
<arg>message</arg>
<doc>Fails if ``key`` is not found from ``dictionary``.</doc>
<status status="PASS" starttime="20251001 14:48:09.171" endtime="20251001 14:48:09.171"/>
</kw>
<kw name="Dictionary Should Contain Key" library="Collections">
<arg>${response.json()}</arg>
<arg>_id</arg>
<doc>Fails if ``key`` is not found from ``dictionary``.</doc>
<status status="PASS" starttime="20251001 14:48:09.171" endtime="20251001 14:48:09.171"/>
</kw>
<kw name="Should Be Equal" library="BuiltIn">
<arg>${response.json()}[message]</arg>
<arg>Cadastro realizado com sucesso</arg>
<doc>Fails if the given objects are unequal.</doc>
<status status="PASS" starttime="20251001 14:48:09.171" endtime="20251001 14:48:09.171"/>
</kw>
<status status="PASS" starttime="20251001 14:48:09.166" endtime="20251001 14:48:09.171"/>
</kw>
<kw name="Excluir Carrinho Com Token" library="carrinho_keywords" type="TEARDOWN">
<arg>${TOKEN_SUITE}</arg>
<arg>concluir-compra</arg>
<doc>Exclui um carrinho (concluir compra ou cancelar)</doc>
<kw name="Create Dictionary" library="BuiltIn">
<var>${headers}</var>
<arg>Authorization=${token}</arg>
<arg>Content-Type=${CONTENT_TYPE}</arg>
<doc>Creates and returns a dictionary based on the given ``items``.</doc>
<msg timestamp="20251001 14:48:09.182" level="INFO">${headers} = {'Authorization': 'Bearer eyJhbGciOiJIUzI1NiIsInR5cCI6IkpXVCJ9.eyJlbWFpbCI6ImNhaW82N0BleGFtcGxlLm5ldCIsInBhc3N3b3JkIjoiSDBnUDFsZnoiLCJpYXQiOjE3NTkzNDA4ODYsImV4cCI6MTc1OTM0MTQ4Nn0.LbYwJtVGBtNbfjezXEaCV...</msg>
<status status="PASS" starttime="20251001 14:48:09.180" endtime="20251001 14:48:09.182"/>
</kw>
<kw name="Create Session" library="RequestsLibrary">
<arg>serverest</arg>
<arg>${BASE_URL}</arg>
<arg>verify=True</arg>
<doc>Create Session: create a HTTP session to a server</doc>
<msg timestamp="20251001 14:48:09.182" level="INFO">Creating Session using : alias=serverest, url=https://compassuol.serverest.dev, headers={},                     cookies={}, auth=None, timeout=None, proxies=None, verify=True,                     debug=0 </msg>
<status status="PASS" starttime="20251001 14:48:09.182" endtime="20251001 14:48:09.184"/>
</kw>
<kw name="DELETE On Session" library="RequestsLibrary">
<var>${response}</var>
<arg>serverest</arg>
<arg>${ENDPOINT_CARRINHOS}/${acao}</arg>
<arg>headers=${headers}</arg>
<arg>expected_status=any</arg>
<doc>Sends a DELETE request on a previously created HTTP Session.</doc>
<msg timestamp="20251001 14:48:10.184" level="INFO">DELETE Request : url=https://compassuol.serverest.dev/carrinhos/concluir-compra 
 path_url=/carrinhos/concluir-compra 
 headers={'User-Agent': 'python-requests/2.31.0', 'Accept-Encoding': 'gzip, deflate', 'Accept': '*/*', 'Connection': 'keep-alive', 'Authorization': 'Bearer eyJhbGciOiJIUzI1NiIsInR5cCI6IkpXVCJ9.eyJlbWFpbCI6ImNhaW82N0BleGFtcGxlLm5ldCIsInBhc3N3b3JkIjoiSDBnUDFsZnoiLCJpYXQiOjE3NTkzNDA4ODYsImV4cCI6MTc1OTM0MTQ4Nn0.LbYwJtVGBtNbfjezXEaCVMdPUEz0X-nuAkh0tym0Vgo', 'Content-Type': 'application/json', 'Content-Length': '0'} 
 body=None 
 </msg>
<msg timestamp="20251001 14:48:10.190" level="INFO">DELETE Response : url=https://compassuol.serverest.dev/carrinhos/concluir-compra 
 status=200, reason=OK 
 headers={'access-control-allow-origin': '*', 'x-dns-prefetch-control': 'off', 'x-frame-options': 'SAMEORIGIN', 'strict-transport-security': 'max-age=15552000; includeSubDomains', 'x-download-options': 'noopen', 'x-content-type-options': 'nosniff', 'x-xss-protection': '1; mode=block', 'content-type': 'application/json; charset=utf-8', 'x-cloud-trace-context': '66e51c225dffc1f1f7865195eca75e1b', 'date': 'Wed, 01 Oct 2025 17:48:09 GMT', 'server': 'Google Frontend', 'Content-Length': '51'} 
 body={
    "message": "Registro excluído com sucesso"
} 
 </msg>
<msg timestamp="20251001 14:48:10.190" level="INFO">${response} = &lt;Response [200]&gt;</msg>
<status status="PASS" starttime="20251001 14:48:09.184" endtime="20251001 14:48:10.190"/>
</kw>
<return>
<value>${response}</value>
<status status="PASS" starttime="20251001 14:48:10.190" endtime="20251001 14:48:10.190"/>
</return>
<status status="PASS" starttime="20251001 14:48:09.179" endtime="20251001 14:48:10.190"/>
</kw>
<doc>Valida cadastro de carrinho com produto válido</doc>
<tag>cadastro</tag>
<tag>carrinho</tag>
<tag>positivo</tag>
<tag>POST</tag>
<tag>smoke</tag>
<status status="PASS" starttime="20251001 14:48:08.010" endtime="20251001 14:48:10.190"/>
</test>
<test id="s1-s1-s1-t2" name="SCRUM-23: GET - Listar carrinhos sem token" line="50">
<kw name="Listar Carrinhos" library="carrinho_keywords">
<var>${response}</var>
<doc>Lista todos os carrinhos</doc>
<kw name="Create Session" library="RequestsLibrary">
<arg>serverest</arg>
<arg>${BASE_URL}</arg>
<arg>verify=True</arg>
<doc>Create Session: create a HTTP session to a server</doc>
<msg timestamp="20251001 14:48:10.197" level="INFO">Creating Session using : alias=serverest, url=https://compassuol.serverest.dev, headers={},                     cookies={}, auth=None, timeout=None, proxies=None, verify=True,                     debug=0 </msg>
<status status="PASS" starttime="20251001 14:48:10.197" endtime="20251001 14:48:10.197"/>
</kw>
<kw name="GET On Session" library="RequestsLibrary">
<var>${response}</var>
<arg>serverest</arg>
<arg>${ENDPOINT_CARRINHOS}</arg>
<arg>expected_status=any</arg>
<doc>Sends a GET request on a previously created HTTP Session.</doc>
<msg timestamp="20251001 14:48:11.108" level="INFO">GET Request : url=https://compassuol.serverest.dev/carrinhos 
 path_url=/carrinhos 
 headers={'User-Agent': 'python-requests/2.31.0', 'Accept-Encoding': 'gzip, deflate', 'Accept': '*/*', 'Connection': 'keep-alive'} 
 body=None 
 </msg>
<msg timestamp="20251001 14:48:11.108" level="INFO">GET Response : url=https://compassuol.serverest.dev/carrinhos 
 status=200, reason=OK 
 headers={'access-control-allow-origin': '*', 'x-dns-prefetch-control': 'off', 'x-frame-options': 'SAMEORIGIN', 'strict-transport-security': 'max-age=15552000; includeSubDomains', 'x-download-options': 'noopen', 'x-content-type-options': 'nosniff', 'x-xss-protection': '1; mode=block', 'content-type': 'application/json; charset=utf-8', 'x-cloud-trace-context': 'cb7b52015554c971c9b0594b435c2193', 'date': 'Wed, 01 Oct 2025 17:48:10 GMT', 'server': 'Google Frontend', 'Content-Length': '595'} 
 body={
    "quantidade": 1,
    "carrinhos": [
        {
            "produtos": [
                {
                    "idProduto": "BeeJh5lz3k6kSIzA",
                    "quantidade": 2,
                    "precoUnitario": 470
                },
                {
                    "idProduto": "K6leHdftCeOJj8BJ",
                    "quantidade": 1,
                    "precoUnitario": 5240
                }
            ],
            "precoTotal": 6180,
            "quantidadeTotal": 3,
            "idUsuario": "0uxuPY0cbmQhpEz1",
            "_id": "qbMqntef4iTOwWfg"
        }
    ]
} 
 </msg>
<msg timestamp="20251001 14:48:11.108" level="INFO">${response} = &lt;Response [200]&gt;</msg>
<status status="PASS" starttime="20251001 14:48:10.197" endtime="20251001 14:48:11.108"/>
</kw>
<return>
<value>${response}</value>
<status status="PASS" starttime="20251001 14:48:11.108" endtime="20251001 14:48:11.108"/>
</return>
<msg timestamp="20251001 14:48:11.108" level="INFO">${response} = &lt;Response [200]&gt;</msg>
<status status="PASS" starttime="20251001 14:48:10.193" endtime="20251001 14:48:11.108"/>
</kw>
<kw name="Validar Listagem de Carrinhos" library="carrinho_keywords">
<arg>${response}</arg>
<doc>Valida que a listagem de carrinhos foi bem sucedida</doc>
<kw name="Should Be Equal As Numbers" library="BuiltIn">
<arg>${response.status_code}</arg>
<arg>${STATUS_200}</arg>
<doc>Fails if objects are unequal after converting them to real numbers.</doc>
<msg timestamp="20251001 14:48:11.108" level="INFO">Argument types are:
&lt;class 'int'&gt;
&lt;class 'str'&gt;</msg>
<status status="PASS" starttime="20251001 14:48:11.108" endtime="20251001 14:48:11.108"/>
</kw>
<kw name="Dictionary Should Contain Key" library="Collections">
<arg>${response.json()}</arg>
<arg>quantidade</arg>
<doc>Fails if ``key`` is not found from ``dictionary``.</doc>
<status status="PASS" starttime="20251001 14:48:11.108" endtime="20251001 14:48:11.108"/>
</kw>
<kw name="Dictionary Should Contain Key" library="Collections">
<arg>${response.json()}</arg>
<arg>carrinhos</arg>
<doc>Fails if ``key`` is not found from ``dictionary``.</doc>
<status status="PASS" starttime="20251001 14:48:11.108" endtime="20251001 14:48:11.116"/>
</kw>
<status status="PASS" starttime="20251001 14:48:11.108" endtime="20251001 14:48:11.116"/>
</kw>
<kw name="Log" library="BuiltIn">
<arg>Carrinhos listados: ${response.json()}</arg>
<doc>Logs the given message with the given level.</doc>
<msg timestamp="20251001 14:48:11.116" level="INFO">Carrinhos listados: {'quantidade': 1, 'carrinhos': [{'produtos': [{'idProduto': 'BeeJh5lz3k6kSIzA', 'quantidade': 2, 'precoUnitario': 470}, {'idProduto': 'K6leHdftCeOJj8BJ', 'quantidade': 1, 'precoUnitario': 5240}], 'precoTotal': 6180, 'quantidadeTotal': 3, 'idUsuario': '0uxuPY0cbmQhpEz1', '_id': 'qbMqntef4iTOwWfg'}]}</msg>
<status status="PASS" starttime="20251001 14:48:11.116" endtime="20251001 14:48:11.116"/>
</kw>
<kw name="Should Be Equal As Numbers" library="BuiltIn">
<arg>${response.status_code}</arg>
<arg>${STATUS_401}</arg>
<doc>Fails if objects are unequal after converting them to real numbers.</doc>
<msg timestamp="20251001 14:48:11.116" level="INFO">Argument types are:
&lt;class 'int'&gt;
&lt;class 'str'&gt;</msg>
<msg timestamp="20251001 14:48:11.116" level="FAIL">200.0 != 401.0</msg>
<status status="FAIL" starttime="20251001 14:48:11.116" endtime="20251001 14:48:11.116"/>
</kw>
<doc>Valida listagem de todos os carrinhos</doc>
<tag>carrinho</tag>
<tag>consulta</tag>
<tag>GET</tag>
<tag>positivo</tag>
<tag>smoke</tag>
<status status="FAIL" starttime="20251001 14:48:10.193" endtime="20251001 14:48:11.116">200.0 != 401.0</status>
</test>
<test id="s1-s1-s1-t3" name="SCRUM-24: DELETE - Excluir carrinho" line="60">
<kw name="Criar Usuario E Retornar Token" library="auth_keywords">
<var>${token_novo}</var>
<doc>Cria um usuário administrador e retorna o token de autenticação</doc>
<kw name="Gerar Dados de Usuário" library="usuarios_keywords">
<var>${usuario}</var>
<arg>administrador=true</arg>
<doc>Gera dados válidos para cadastro de novo usuário</doc>
<kw name="Gerar Nome" library="FakerHelper">
<var>${nome}</var>
<doc>Gera um nome aleatório</doc>
<msg timestamp="20251001 14:48:11.246" level="INFO">${nome} = Igor Castro</msg>
<status status="PASS" starttime="20251001 14:48:11.124" endtime="20251001 14:48:11.246"/>
</kw>
<kw name="Gerar Email" library="FakerHelper">
<var>${email}</var>
<doc>Gera um email aleatório único</doc>
<msg timestamp="20251001 14:48:11.246" level="INFO">${email} = wmonteiro@example.net</msg>
<status status="PASS" starttime="20251001 14:48:11.246" endtime="20251001 14:48:11.246"/>
</kw>
<kw name="Gerar Senha" library="FakerHelper">
<var>${password}</var>
<arg>tamanho=8</arg>
<doc>Gera uma senha aleatória</doc>
<msg timestamp="20251001 14:48:11.246" level="INFO">${password} = J4E09Lu0</msg>
<status status="PASS" starttime="20251001 14:48:11.246" endtime="20251001 14:48:11.246"/>
</kw>
<kw name="Create Dictionary" library="BuiltIn">
<var>${usuario}</var>
<arg>nome=${nome}</arg>
<arg>email=${email}</arg>
<arg>password=${password}</arg>
<arg>administrador=${administrador}</arg>
<doc>Creates and returns a dictionary based on the given ``items``.</doc>
<msg timestamp="20251001 14:48:11.246" level="INFO">${usuario} = {'nome': 'Igor Castro', 'email': 'wmonteiro@example.net', 'password': 'J4E09Lu0', 'administrador': 'true'}</msg>
<status status="PASS" starttime="20251001 14:48:11.246" endtime="20251001 14:48:11.246"/>
</kw>
<return>
<value>${usuario}</value>
<status status="PASS" starttime="20251001 14:48:11.246" endtime="20251001 14:48:11.246"/>
</return>
<msg timestamp="20251001 14:48:11.246" level="INFO">${usuario} = {'nome': 'Igor Castro', 'email': 'wmonteiro@example.net', 'password': 'J4E09Lu0', 'administrador': 'true'}</msg>
<status status="PASS" starttime="20251001 14:48:11.124" endtime="20251001 14:48:11.246"/>
</kw>
<kw name="Cadastrar Usuario" library="usuarios_keywords">
<var>${response_cadastro}</var>
<arg>${usuario}</arg>
<doc>Cadastra um novo usuário</doc>
<kw name="Create Session" library="RequestsLibrary">
<arg>serverest</arg>
<arg>${BASE_URL}</arg>
<arg>verify=True</arg>
<doc>Create Session: create a HTTP session to a server</doc>
<msg timestamp="20251001 14:48:11.246" level="INFO">Creating Session using : alias=serverest, url=https://compassuol.serverest.dev, headers={},                     cookies={}, auth=None, timeout=None, proxies=None, verify=True,                     debug=0 </msg>
<status status="PASS" starttime="20251001 14:48:11.246" endtime="20251001 14:48:11.246"/>
</kw>
<kw name="POST On Session" library="RequestsLibrary">
<var>${response}</var>
<arg>serverest</arg>
<arg>${ENDPOINT_USUARIOS}</arg>
<arg>json=${usuario_data}</arg>
<arg>expected_status=any</arg>
<doc>Sends a POST request on a previously created HTTP Session.</doc>
<msg timestamp="20251001 14:48:12.231" level="INFO">POST Request : url=https://compassuol.serverest.dev/usuarios 
 path_url=/usuarios 
 headers={'User-Agent': 'python-requests/2.31.0', 'Accept-Encoding': 'gzip, deflate', 'Accept': '*/*', 'Connection': 'keep-alive', 'Content-Length': '106', 'Content-Type': 'application/json'} 
 body=b'{"nome": "Igor Castro", "email": "wmonteiro@example.net", "password": "J4E09Lu0", "administrador": "true"}' 
 </msg>
<msg timestamp="20251001 14:48:12.231" level="INFO">POST Response : url=https://compassuol.serverest.dev/usuarios 
 status=201, reason=Created 
 headers={'access-control-allow-origin': '*', 'x-dns-prefetch-control': 'off', 'x-frame-options': 'SAMEORIGIN', 'strict-transport-security': 'max-age=15552000; includeSubDomains', 'x-download-options': 'noopen', 'x-content-type-options': 'nosniff', 'x-xss-protection': '1; mode=block', 'content-type': 'application/json; charset=utf-8', 'x-cloud-trace-context': 'a02f386e69de26d8bf4c28973692616f', 'date': 'Wed, 01 Oct 2025 17:48:11 GMT', 'server': 'Google Frontend', 'Content-Length': '82'} 
 body={
    "message": "Cadastro realizado com sucesso",
    "_id": "vJvgPM738ur8jiDO"
} 
 </msg>
<msg timestamp="20251001 14:48:12.231" level="INFO">${response} = &lt;Response [201]&gt;</msg>
<status status="PASS" starttime="20251001 14:48:11.246" endtime="20251001 14:48:12.231"/>
</kw>
<return>
<value>${response}</value>
<status status="PASS" starttime="20251001 14:48:12.231" endtime="20251001 14:48:12.231"/>
</return>
<msg timestamp="20251001 14:48:12.231" level="INFO">${response_cadastro} = &lt;Response [201]&gt;</msg>
<status status="PASS" starttime="20251001 14:48:11.246" endtime="20251001 14:48:12.231"/>
</kw>
<kw name="Should Be Equal As Numbers" library="BuiltIn">
<arg>${response_cadastro.status_code}</arg>
<arg>${STATUS_201}</arg>
<doc>Fails if objects are unequal after converting them to real numbers.</doc>
<msg timestamp="20251001 14:48:12.231" level="INFO">Argument types are:
&lt;class 'int'&gt;
&lt;class 'str'&gt;</msg>
<status status="PASS" starttime="20251001 14:48:12.231" endtime="20251001 14:48:12.231"/>
</kw>
<kw name="Realizar Login" library="auth_keywords">
<var>${response_login}</var>
<arg>${usuario}[email]</arg>
<arg>${usuario}[password]</arg>
<kw name="Create Dictionary" library="BuiltIn">
<var>${body}</var>
<arg>email=${email}</arg>
<arg>password=${password}</arg>
<doc>Creates and returns a dictionary based on the given ``items``.</doc>
<msg timestamp="20251001 14:48:12.239" level="INFO">${body} = {'email': 'wmonteiro@example.net', 'password': 'J4E09Lu0'}</msg>
<status status="PASS" starttime="20251001 14:48:12.231" endtime="20251001 14:48:12.239"/>
</kw>
<kw name="Create Session" library="RequestsLibrary">
<arg>serverest</arg>
<arg>${BASE_URL}</arg>
<arg>verify=True</arg>
<doc>Create Session: create a HTTP session to a server</doc>
<msg timestamp="20251001 14:48:12.239" level="INFO">Creating Session using : alias=serverest, url=https://compassuol.serverest.dev, headers={},                     cookies={}, auth=None, timeout=None, proxies=None, verify=True,                     debug=0 </msg>
<status status="PASS" starttime="20251001 14:48:12.239" endtime="20251001 14:48:12.239"/>
</kw>
<kw name="POST On Session" library="RequestsLibrary">
<var>${response}</var>
<arg>serverest</arg>
<arg>${ENDPOINT_LOGIN}</arg>
<arg>json=${body}</arg>
<arg>expected_status=any</arg>
<doc>Sends a POST request on a previously created HTTP Session.</doc>
<msg timestamp="20251001 14:48:13.263" level="INFO">POST Request : url=https://compassuol.serverest.dev/login 
 path_url=/login 
 headers={'User-Agent': 'python-requests/2.31.0', 'Accept-Encoding': 'gzip, deflate', 'Accept': '*/*', 'Connection': 'keep-alive', 'Content-Length': '58', 'Content-Type': 'application/json'} 
 body=b'{"email": "wmonteiro@example.net", "password": "J4E09Lu0"}' 
 </msg>
<msg timestamp="20251001 14:48:13.263" level="INFO">POST Response : url=https://compassuol.serverest.dev/login 
 status=200, reason=OK 
 headers={'access-control-allow-origin': '*', 'x-dns-prefetch-control': 'off', 'x-frame-options': 'SAMEORIGIN', 'strict-transport-security': 'max-age=15552000; includeSubDomains', 'x-download-options': 'noopen', 'x-content-type-options': 'nosniff', 'x-xss-protection': '1; mode=block', 'content-type': 'application/json; charset=utf-8', 'x-cloud-trace-context': '23d13196c8460107e5f9aafe28fcd1ec', 'date': 'Wed, 01 Oct 2025 17:48:12 GMT', 'server': 'Google Frontend', 'Content-Length': '280'} 
 body={
    "message": "Login realizado com sucesso",
    "authorization": "Bearer eyJhbGciOiJIUzI1NiIsInR5cCI6IkpXVCJ9.eyJlbWFpbCI6Indtb250ZWlyb0BleGFtcGxlLm5ldCIsInBhc3N3b3JkIjoiSjRFMDlMdTAiLCJpYXQiOjE3NTkzNDA4OTIsImV4cCI6MTc1OTM0MTQ5Mn0.f9rxIqoj5_fhI0Inavu0WW9LOKuo8xOnVfJnBcah3wc"
} 
 </msg>
<msg timestamp="20251001 14:48:13.263" level="INFO">${response} = &lt;Response [200]&gt;</msg>
<status status="PASS" starttime="20251001 14:48:12.239" endtime="20251001 14:48:13.263"/>
</kw>
<return>
<value>${response}</value>
<status status="PASS" starttime="20251001 14:48:13.263" endtime="20251001 14:48:13.263"/>
</return>
<msg timestamp="20251001 14:48:13.263" level="INFO">${response_login} = &lt;Response [200]&gt;</msg>
<status status="PASS" starttime="20251001 14:48:12.231" endtime="20251001 14:48:13.265"/>
</kw>
<kw name="Extrair Token Da Resposta" library="auth_keywords">
<var>${token}</var>
<arg>${response_login}</arg>
<doc>Extrai o token de autorização da resposta de login</doc>
<kw name="Get From Dictionary" library="Collections">
<var>${token}</var>
<arg>${response.json()}</arg>
<arg>authorization</arg>
<doc>Returns a value from the given ``dictionary`` based on the given ``key``.</doc>
<msg timestamp="20251001 14:48:13.267" level="INFO">${token} = Bearer eyJhbGciOiJIUzI1NiIsInR5cCI6IkpXVCJ9.eyJlbWFpbCI6Indtb250ZWlyb0BleGFtcGxlLm5ldCIsInBhc3N3b3JkIjoiSjRFMDlMdTAiLCJpYXQiOjE3NTkzNDA4OTIsImV4cCI6MTc1OTM0MTQ5Mn0.f9rxIqoj5_fhI0Inavu0WW9LOKuo8xOnVfJn...</msg>
<status status="PASS" starttime="20251001 14:48:13.265" endtime="20251001 14:48:13.267"/>
</kw>
<return>
<value>${token}</value>
<status status="PASS" starttime="20251001 14:48:13.267" endtime="20251001 14:48:13.267"/>
</return>
<msg timestamp="20251001 14:48:13.267" level="INFO">${token} = Bearer eyJhbGciOiJIUzI1NiIsInR5cCI6IkpXVCJ9.eyJlbWFpbCI6Indtb250ZWlyb0BleGFtcGxlLm5ldCIsInBhc3N3b3JkIjoiSjRFMDlMdTAiLCJpYXQiOjE3NTkzNDA4OTIsImV4cCI6MTc1OTM0MTQ5Mn0.f9rxIqoj5_fhI0Inavu0WW9LOKuo8xOnVfJn...</msg>
<status status="PASS" starttime="20251001 14:48:13.265" endtime="20251001 14:48:13.267"/>
</kw>
<return>
<value>${token}</value>
<status status="PASS" starttime="20251001 14:48:13.267" endtime="20251001 14:48:13.267"/>
</return>
<msg timestamp="20251001 14:48:13.267" level="INFO">${token_novo} = Bearer eyJhbGciOiJIUzI1NiIsInR5cCI6IkpXVCJ9.eyJlbWFpbCI6Indtb250ZWlyb0BleGFtcGxlLm5ldCIsInBhc3N3b3JkIjoiSjRFMDlMdTAiLCJpYXQiOjE3NTkzNDA4OTIsImV4cCI6MTc1OTM0MTQ5Mn0.f9rxIqoj5_fhI0Inavu0WW9LOKuo8xOnVfJn...</msg>
<status status="PASS" starttime="20251001 14:48:11.124" endtime="20251001 14:48:13.267"/>
</kw>
<kw name="Criar Dados Carrinho" library="carrinho_keywords">
<var>${carrinho}</var>
<arg>${PRODUTO_ID}</arg>
<arg>quantidade=1</arg>
<doc>Cria os dados de um carrinho com um ou mais produtos</doc>
<kw name="Create Dictionary" library="BuiltIn">
<var>${produto_item}</var>
<arg>idProduto=${produto_id}</arg>
<arg>quantidade=${quantidade}</arg>
<doc>Creates and returns a dictionary based on the given ``items``.</doc>
<msg timestamp="20251001 14:48:13.273" level="INFO">${produto_item} = {'idProduto': '5ZnuVsIwy5ARD9x9', 'quantidade': '1'}</msg>
<status status="PASS" starttime="20251001 14:48:13.271" endtime="20251001 14:48:13.273"/>
</kw>
<kw name="Create List" library="BuiltIn">
<var>${produtos_list}</var>
<arg>${produto_item}</arg>
<doc>Returns a list containing given items.</doc>
<msg timestamp="20251001 14:48:13.273" level="INFO">${produtos_list} = [{'idProduto': '5ZnuVsIwy5ARD9x9', 'quantidade': '1'}]</msg>
<status status="PASS" starttime="20251001 14:48:13.273" endtime="20251001 14:48:13.273"/>
</kw>
<kw name="Create Dictionary" library="BuiltIn">
<var>${carrinho}</var>
<arg>produtos=${produtos_list}</arg>
<doc>Creates and returns a dictionary based on the given ``items``.</doc>
<msg timestamp="20251001 14:48:13.273" level="INFO">${carrinho} = {'produtos': [{'idProduto': '5ZnuVsIwy5ARD9x9', 'quantidade': '1'}]}</msg>
<status status="PASS" starttime="20251001 14:48:13.273" endtime="20251001 14:48:13.273"/>
</kw>
<return>
<value>${carrinho}</value>
<status status="PASS" starttime="20251001 14:48:13.273" endtime="20251001 14:48:13.273"/>
</return>
<msg timestamp="20251001 14:48:13.273" level="INFO">${carrinho} = {'produtos': [{'idProduto': '5ZnuVsIwy5ARD9x9', 'quantidade': '1'}]}</msg>
<status status="PASS" starttime="20251001 14:48:13.271" endtime="20251001 14:48:13.273"/>
</kw>
<kw name="Cadastrar Carrinho Com Token" library="carrinho_keywords">
<var>${response_cadastro}</var>
<arg>${carrinho}</arg>
<arg>${token_novo}</arg>
<doc>Cadastra um carrinho com token de autenticação</doc>
<kw name="Create Dictionary" library="BuiltIn">
<var>${headers}</var>
<arg>Authorization=${token}</arg>
<arg>Content-Type=${CONTENT_TYPE}</arg>
<doc>Creates and returns a dictionary based on the given ``items``.</doc>
<msg timestamp="20251001 14:48:13.273" level="INFO">${headers} = {'Authorization': 'Bearer eyJhbGciOiJIUzI1NiIsInR5cCI6IkpXVCJ9.eyJlbWFpbCI6Indtb250ZWlyb0BleGFtcGxlLm5ldCIsInBhc3N3b3JkIjoiSjRFMDlMdTAiLCJpYXQiOjE3NTkzNDA4OTIsImV4cCI6MTc1OTM0MTQ5Mn0.f9rxIqoj5_fhI0Ina...</msg>
<status status="PASS" starttime="20251001 14:48:13.273" endtime="20251001 14:48:13.273"/>
</kw>
<kw name="Create Session" library="RequestsLibrary">
<arg>serverest</arg>
<arg>${BASE_URL}</arg>
<arg>verify=True</arg>
<doc>Create Session: create a HTTP session to a server</doc>
<msg timestamp="20251001 14:48:13.279" level="INFO">Creating Session using : alias=serverest, url=https://compassuol.serverest.dev, headers={},                     cookies={}, auth=None, timeout=None, proxies=None, verify=True,                     debug=0 </msg>
<status status="PASS" starttime="20251001 14:48:13.273" endtime="20251001 14:48:13.279"/>
</kw>
<kw name="POST On Session" library="RequestsLibrary">
<var>${response}</var>
<arg>serverest</arg>
<arg>${ENDPOINT_CARRINHOS}</arg>
<arg>json=${carrinho_data}</arg>
<arg>headers=${headers}</arg>
<arg>expected_status=any</arg>
<doc>Sends a POST request on a previously created HTTP Session.</doc>
<msg timestamp="20251001 14:48:14.175" level="INFO">POST Request : url=https://compassuol.serverest.dev/carrinhos 
 path_url=/carrinhos 
 headers={'User-Agent': 'python-requests/2.31.0', 'Accept-Encoding': 'gzip, deflate', 'Accept': '*/*', 'Connection': 'keep-alive', 'Authorization': 'Bearer eyJhbGciOiJIUzI1NiIsInR5cCI6IkpXVCJ9.eyJlbWFpbCI6Indtb250ZWlyb0BleGFtcGxlLm5ldCIsInBhc3N3b3JkIjoiSjRFMDlMdTAiLCJpYXQiOjE3NTkzNDA4OTIsImV4cCI6MTc1OTM0MTQ5Mn0.f9rxIqoj5_fhI0Inavu0WW9LOKuo8xOnVfJnBcah3wc', 'Content-Type': 'application/json', 'Content-Length': '68'} 
 body=b'{"produtos": [{"idProduto": "5ZnuVsIwy5ARD9x9", "quantidade": "1"}]}' 
 </msg>
<msg timestamp="20251001 14:48:14.175" level="INFO">POST Response : url=https://compassuol.serverest.dev/carrinhos 
 status=201, reason=Created 
 headers={'access-control-allow-origin': '*', 'x-dns-prefetch-control': 'off', 'x-frame-options': 'SAMEORIGIN', 'strict-transport-security': 'max-age=15552000; includeSubDomains', 'x-download-options': 'noopen', 'x-content-type-options': 'nosniff', 'x-xss-protection': '1; mode=block', 'content-type': 'application/json; charset=utf-8', 'x-cloud-trace-context': '14f2721bbab6383f264776d1f7cc2413', 'date': 'Wed, 01 Oct 2025 17:48:13 GMT', 'server': 'Google Frontend', 'Content-Length': '82'} 
 body={
    "message": "Cadastro realizado com sucesso",
    "_id": "BDerOfUfCtsgcMRm"
} 
 </msg>
<msg timestamp="20251001 14:48:14.175" level="INFO">${response} = &lt;Response [201]&gt;</msg>
<status status="PASS" starttime="20251001 14:48:13.279" endtime="20251001 14:48:14.175"/>
</kw>
<return>
<value>${response}</value>
<status status="PASS" starttime="20251001 14:48:14.175" endtime="20251001 14:48:14.175"/>
</return>
<msg timestamp="20251001 14:48:14.175" level="INFO">${response_cadastro} = &lt;Response [201]&gt;</msg>
<status status="PASS" starttime="20251001 14:48:13.273" endtime="20251001 14:48:14.175"/>
</kw>
<kw name="Should Be Equal As Numbers" library="BuiltIn">
<arg>${response_cadastro.status_code}</arg>
<arg>${STATUS_201}</arg>
<doc>Fails if objects are unequal after converting them to real numbers.</doc>
<msg timestamp="20251001 14:48:14.183" level="INFO">Argument types are:
&lt;class 'int'&gt;
&lt;class 'str'&gt;</msg>
<status status="PASS" starttime="20251001 14:48:14.175" endtime="20251001 14:48:14.183"/>
</kw>
<kw name="Excluir Carrinho Com Token" library="carrinho_keywords">
<var>${response}</var>
<arg>${token_novo}</arg>
<arg>acao=concluir-compra</arg>
<doc>Exclui um carrinho (concluir compra ou cancelar)</doc>
<kw name="Create Dictionary" library="BuiltIn">
<var>${headers}</var>
<arg>Authorization=${token}</arg>
<arg>Content-Type=${CONTENT_TYPE}</arg>
<doc>Creates and returns a dictionary based on the given ``items``.</doc>
<msg timestamp="20251001 14:48:14.183" level="INFO">${headers} = {'Authorization': 'Bearer eyJhbGciOiJIUzI1NiIsInR5cCI6IkpXVCJ9.eyJlbWFpbCI6Indtb250ZWlyb0BleGFtcGxlLm5ldCIsInBhc3N3b3JkIjoiSjRFMDlMdTAiLCJpYXQiOjE3NTkzNDA4OTIsImV4cCI6MTc1OTM0MTQ5Mn0.f9rxIqoj5_fhI0Ina...</msg>
<status status="PASS" starttime="20251001 14:48:14.183" endtime="20251001 14:48:14.183"/>
</kw>
<kw name="Create Session" library="RequestsLibrary">
<arg>serverest</arg>
<arg>${BASE_URL}</arg>
<arg>verify=True</arg>
<doc>Create Session: create a HTTP session to a server</doc>
<msg timestamp="20251001 14:48:14.186" level="INFO">Creating Session using : alias=serverest, url=https://compassuol.serverest.dev, headers={},                     cookies={}, auth=None, timeout=None, proxies=None, verify=True,                     debug=0 </msg>
<status status="PASS" starttime="20251001 14:48:14.183" endtime="20251001 14:48:14.186"/>
</kw>
<kw name="DELETE On Session" library="RequestsLibrary">
<var>${response}</var>
<arg>serverest</arg>
<arg>${ENDPOINT_CARRINHOS}/${acao}</arg>
<arg>headers=${headers}</arg>
<arg>expected_status=any</arg>
<doc>Sends a DELETE request on a previously created HTTP Session.</doc>
<msg timestamp="20251001 14:48:15.100" level="INFO">DELETE Request : url=https://compassuol.serverest.dev/carrinhos/concluir-compra 
 path_url=/carrinhos/concluir-compra 
 headers={'User-Agent': 'python-requests/2.31.0', 'Accept-Encoding': 'gzip, deflate', 'Accept': '*/*', 'Connection': 'keep-alive', 'Authorization': 'Bearer eyJhbGciOiJIUzI1NiIsInR5cCI6IkpXVCJ9.eyJlbWFpbCI6Indtb250ZWlyb0BleGFtcGxlLm5ldCIsInBhc3N3b3JkIjoiSjRFMDlMdTAiLCJpYXQiOjE3NTkzNDA4OTIsImV4cCI6MTc1OTM0MTQ5Mn0.f9rxIqoj5_fhI0Inavu0WW9LOKuo8xOnVfJnBcah3wc', 'Content-Type': 'application/json', 'Content-Length': '0'} 
 body=None 
 </msg>
<msg timestamp="20251001 14:48:15.100" level="INFO">DELETE Response : url=https://compassuol.serverest.dev/carrinhos/concluir-compra 
 status=200, reason=OK 
 headers={'access-control-allow-origin': '*', 'x-dns-prefetch-control': 'off', 'x-frame-options': 'SAMEORIGIN', 'strict-transport-security': 'max-age=15552000; includeSubDomains', 'x-download-options': 'noopen', 'x-content-type-options': 'nosniff', 'x-xss-protection': '1; mode=block', 'content-type': 'application/json; charset=utf-8', 'x-cloud-trace-context': '21fc38ede11368a89a81b30e911d788a', 'date': 'Wed, 01 Oct 2025 17:48:14 GMT', 'server': 'Google Frontend', 'Content-Length': '51'} 
 body={
    "message": "Registro excluído com sucesso"
} 
 </msg>
<msg timestamp="20251001 14:48:15.104" level="INFO">${response} = &lt;Response [200]&gt;</msg>
<status status="PASS" starttime="20251001 14:48:14.186" endtime="20251001 14:48:15.104"/>
</kw>
<return>
<value>${response}</value>
<status status="PASS" starttime="20251001 14:48:15.104" endtime="20251001 14:48:15.104"/>
</return>
<msg timestamp="20251001 14:48:15.104" level="INFO">${response} = &lt;Response [200]&gt;</msg>
<status status="PASS" starttime="20251001 14:48:14.183" endtime="20251001 14:48:15.104"/>
</kw>
<kw name="Validar Exclusão de Carrinho" library="carrinho_keywords">
<arg>${response}</arg>
<doc>Valida que o carrinho foi excluído/concluído</doc>
<kw name="Should Be Equal As Numbers" library="BuiltIn">
<arg>${response.status_code}</arg>
<arg>${STATUS_200}</arg>
<doc>Fails if objects are unequal after converting them to real numbers.</doc>
<msg timestamp="20251001 14:48:15.108" level="INFO">Argument types are:
&lt;class 'int'&gt;
&lt;class 'str'&gt;</msg>
<status status="PASS" starttime="20251001 14:48:15.104" endtime="20251001 14:48:15.108"/>
</kw>
<kw name="Dictionary Should Contain Key" library="Collections">
<arg>${response.json()}</arg>
<arg>message</arg>
<doc>Fails if ``key`` is not found from ``dictionary``.</doc>
<status status="PASS" starttime="20251001 14:48:15.108" endtime="20251001 14:48:15.110"/>
</kw>
<status status="PASS" starttime="20251001 14:48:15.104" endtime="20251001 14:48:15.110"/>
</kw>
<kw name="Excluir Carrinho Limpeza" type="TEARDOWN">
<arg>${token_novo}</arg>
<kw name="Excluir Carrinho Com Token" library="carrinho_keywords">
<var>${response}</var>
<arg>${token}</arg>
<arg>acao=concluir-compra</arg>
<doc>Exclui um carrinho (concluir compra ou cancelar)</doc>
<kw name="Create Dictionary" library="BuiltIn">
<var>${headers}</var>
<arg>Authorization=${token}</arg>
<arg>Content-Type=${CONTENT_TYPE}</arg>
<doc>Creates and returns a dictionary based on the given ``items``.</doc>
<msg timestamp="20251001 14:48:15.114" level="INFO">${headers} = {'Authorization': 'Bearer eyJhbGciOiJIUzI1NiIsInR5cCI6IkpXVCJ9.eyJlbWFpbCI6Indtb250ZWlyb0BleGFtcGxlLm5ldCIsInBhc3N3b3JkIjoiSjRFMDlMdTAiLCJpYXQiOjE3NTkzNDA4OTIsImV4cCI6MTc1OTM0MTQ5Mn0.f9rxIqoj5_fhI0Ina...</msg>
<status status="PASS" starttime="20251001 14:48:15.114" endtime="20251001 14:48:15.114"/>
</kw>
<kw name="Create Session" library="RequestsLibrary">
<arg>serverest</arg>
<arg>${BASE_URL}</arg>
<arg>verify=True</arg>
<doc>Create Session: create a HTTP session to a server</doc>
<msg timestamp="20251001 14:48:15.116" level="INFO">Creating Session using : alias=serverest, url=https://compassuol.serverest.dev, headers={},                     cookies={}, auth=None, timeout=None, proxies=None, verify=True,                     debug=0 </msg>
<status status="PASS" starttime="20251001 14:48:15.114" endtime="20251001 14:48:15.116"/>
</kw>
<kw name="DELETE On Session" library="RequestsLibrary">
<var>${response}</var>
<arg>serverest</arg>
<arg>${ENDPOINT_CARRINHOS}/${acao}</arg>
<arg>headers=${headers}</arg>
<arg>expected_status=any</arg>
<doc>Sends a DELETE request on a previously created HTTP Session.</doc>
<msg timestamp="20251001 14:48:16.126" level="INFO">DELETE Request : url=https://compassuol.serverest.dev/carrinhos/concluir-compra 
 path_url=/carrinhos/concluir-compra 
 headers={'User-Agent': 'python-requests/2.31.0', 'Accept-Encoding': 'gzip, deflate', 'Accept': '*/*', 'Connection': 'keep-alive', 'Authorization': 'Bearer eyJhbGciOiJIUzI1NiIsInR5cCI6IkpXVCJ9.eyJlbWFpbCI6Indtb250ZWlyb0BleGFtcGxlLm5ldCIsInBhc3N3b3JkIjoiSjRFMDlMdTAiLCJpYXQiOjE3NTkzNDA4OTIsImV4cCI6MTc1OTM0MTQ5Mn0.f9rxIqoj5_fhI0Inavu0WW9LOKuo8xOnVfJnBcah3wc', 'Content-Type': 'application/json', 'Content-Length': '0'} 
 body=None 
 </msg>
<msg timestamp="20251001 14:48:16.126" level="INFO">DELETE Response : url=https://compassuol.serverest.dev/carrinhos/concluir-compra 
 status=200, reason=OK 
 headers={'access-control-allow-origin': '*', 'x-dns-prefetch-control': 'off', 'x-frame-options': 'SAMEORIGIN', 'strict-transport-security': 'max-age=15552000; includeSubDomains', 'x-download-options': 'noopen', 'x-content-type-options': 'nosniff', 'x-xss-protection': '1; mode=block', 'content-type': 'application/json; charset=utf-8', 'x-cloud-trace-context': '66785e58fd96bc380820658ead6433b7;o=1', 'date': 'Wed, 01 Oct 2025 17:48:15 GMT', 'server': 'Google Frontend', 'Content-Length': '68'} 
 body={
    "message": "Não foi encontrado carrinho para esse usuário"
} 
 </msg>
<msg timestamp="20251001 14:48:16.126" level="INFO">${response} = &lt;Response [200]&gt;</msg>
<status status="PASS" starttime="20251001 14:48:15.116" endtime="20251001 14:48:16.126"/>
</kw>
<return>
<value>${response}</value>
<status status="PASS" starttime="20251001 14:48:16.126" endtime="20251001 14:48:16.126"/>
</return>
<msg timestamp="20251001 14:48:16.126" level="INFO">${response} = &lt;Response [200]&gt;</msg>
<status status="PASS" starttime="20251001 14:48:15.112" endtime="20251001 14:48:16.126"/>
</kw>
<status status="PASS" starttime="20251001 14:48:15.112" endtime="20251001 14:48:16.126"/>
</kw>
<doc>Valida exclusão/conclusão de carrinho</doc>
<tag>carrinho</tag>
<tag>DELETE</tag>
<tag>exclusao</tag>
<tag>positivo</tag>
<status status="PASS" starttime="20251001 14:48:11.116" endtime="20251001 14:48:16.126"/>
</test>
<test id="s1-s1-s1-t4" name="SCRUM-32: POST - Cadastrar carrinho sem token" line="74">
<kw name="Criar Dados Carrinho" library="carrinho_keywords">
<var>${carrinho}</var>
<arg>${PRODUTO_ID}</arg>
<arg>quantidade=1</arg>
<doc>Cria os dados de um carrinho com um ou mais produtos</doc>
<kw name="Create Dictionary" library="BuiltIn">
<var>${produto_item}</var>
<arg>idProduto=${produto_id}</arg>
<arg>quantidade=${quantidade}</arg>
<doc>Creates and returns a dictionary based on the given ``items``.</doc>
<msg timestamp="20251001 14:48:16.126" level="INFO">${produto_item} = {'idProduto': '5ZnuVsIwy5ARD9x9', 'quantidade': '1'}</msg>
<status status="PASS" starttime="20251001 14:48:16.126" endtime="20251001 14:48:16.126"/>
</kw>
<kw name="Create List" library="BuiltIn">
<var>${produtos_list}</var>
<arg>${produto_item}</arg>
<doc>Returns a list containing given items.</doc>
<msg timestamp="20251001 14:48:16.126" level="INFO">${produtos_list} = [{'idProduto': '5ZnuVsIwy5ARD9x9', 'quantidade': '1'}]</msg>
<status status="PASS" starttime="20251001 14:48:16.126" endtime="20251001 14:48:16.126"/>
</kw>
<kw name="Create Dictionary" library="BuiltIn">
<var>${carrinho}</var>
<arg>produtos=${produtos_list}</arg>
<doc>Creates and returns a dictionary based on the given ``items``.</doc>
<msg timestamp="20251001 14:48:16.131" level="INFO">${carrinho} = {'produtos': [{'idProduto': '5ZnuVsIwy5ARD9x9', 'quantidade': '1'}]}</msg>
<status status="PASS" starttime="20251001 14:48:16.126" endtime="20251001 14:48:16.131"/>
</kw>
<return>
<value>${carrinho}</value>
<status status="PASS" starttime="20251001 14:48:16.131" endtime="20251001 14:48:16.131"/>
</return>
<msg timestamp="20251001 14:48:16.131" level="INFO">${carrinho} = {'produtos': [{'idProduto': '5ZnuVsIwy5ARD9x9', 'quantidade': '1'}]}</msg>
<status status="PASS" starttime="20251001 14:48:16.126" endtime="20251001 14:48:16.131"/>
</kw>
<kw name="Cadastrar Carrinho Sem Token" library="carrinho_keywords">
<var>${response}</var>
<arg>${carrinho}</arg>
<doc>Tenta cadastrar um carrinho sem token de autenticação</doc>
<kw name="Create Session" library="RequestsLibrary">
<arg>serverest</arg>
<arg>${BASE_URL}</arg>
<arg>verify=True</arg>
<doc>Create Session: create a HTTP session to a server</doc>
<msg timestamp="20251001 14:48:16.131" level="INFO">Creating Session using : alias=serverest, url=https://compassuol.serverest.dev, headers={},                     cookies={}, auth=None, timeout=None, proxies=None, verify=True,                     debug=0 </msg>
<status status="PASS" starttime="20251001 14:48:16.131" endtime="20251001 14:48:16.131"/>
</kw>
<kw name="POST On Session" library="RequestsLibrary">
<var>${response}</var>
<arg>serverest</arg>
<arg>${ENDPOINT_CARRINHOS}</arg>
<arg>json=${carrinho_data}</arg>
<arg>expected_status=any</arg>
<doc>Sends a POST request on a previously created HTTP Session.</doc>
<msg timestamp="20251001 14:48:17.046" level="INFO">POST Request : url=https://compassuol.serverest.dev/carrinhos 
 path_url=/carrinhos 
 headers={'User-Agent': 'python-requests/2.31.0', 'Accept-Encoding': 'gzip, deflate', 'Accept': '*/*', 'Connection': 'keep-alive', 'Content-Length': '68', 'Content-Type': 'application/json'} 
 body=b'{"produtos": [{"idProduto": "5ZnuVsIwy5ARD9x9", "quantidade": "1"}]}' 
 </msg>
<msg timestamp="20251001 14:48:17.046" level="INFO">POST Response : url=https://compassuol.serverest.dev/carrinhos 
 status=401, reason=Unauthorized 
 headers={'access-control-allow-origin': '*', 'x-dns-prefetch-control': 'off', 'x-frame-options': 'SAMEORIGIN', 'strict-transport-security': 'max-age=15552000; includeSubDomains', 'x-download-options': 'noopen', 'x-content-type-options': 'nosniff', 'x-xss-protection': '1; mode=block', 'content-type': 'application/json; charset=utf-8', 'x-cloud-trace-context': '24c7b7b4fff96b3d97d1c18056e0aa5e', 'date': 'Wed, 01 Oct 2025 17:48:16 GMT', 'server': 'Google Frontend', 'Content-Length': '103'} 
 body={
    "message": "Token de acesso ausente, inválido, expirado ou usuário do token não existe mais"
} 
 </msg>
<msg timestamp="20251001 14:48:17.046" level="INFO">${response} = &lt;Response [401]&gt;</msg>
<status status="PASS" starttime="20251001 14:48:16.131" endtime="20251001 14:48:17.046"/>
</kw>
<return>
<value>${response}</value>
<status status="PASS" starttime="20251001 14:48:17.046" endtime="20251001 14:48:17.050"/>
</return>
<msg timestamp="20251001 14:48:17.050" level="INFO">${response} = &lt;Response [401]&gt;</msg>
<status status="PASS" starttime="20251001 14:48:16.131" endtime="20251001 14:48:17.050"/>
</kw>
<kw name="Validar Erro Cadastro Carrinho Sem Token" library="carrinho_keywords">
<arg>${response}</arg>
<doc>Valida que o cadastro de carrinho falhou por falta de autenticação</doc>
<kw name="Should Be Equal As Numbers" library="BuiltIn">
<arg>${response.status_code}</arg>
<arg>${STATUS_401}</arg>
<doc>Fails if objects are unequal after converting them to real numbers.</doc>
<msg timestamp="20251001 14:48:17.052" level="INFO">Argument types are:
&lt;class 'int'&gt;
&lt;class 'str'&gt;</msg>
<status status="PASS" starttime="20251001 14:48:17.050" endtime="20251001 14:48:17.054"/>
</kw>
<kw name="Dictionary Should Contain Key" library="Collections">
<arg>${response.json()}</arg>
<arg>message</arg>
<doc>Fails if ``key`` is not found from ``dictionary``.</doc>
<status status="PASS" starttime="20251001 14:48:17.054" endtime="20251001 14:48:17.054"/>
</kw>
<kw name="Should Be Equal" library="BuiltIn">
<arg>${response.json()}[message]</arg>
<arg>Token de acesso ausente, inválido, expirado ou usuário do token não existe mais</arg>
<doc>Fails if the given objects are unequal.</doc>
<status status="PASS" starttime="20251001 14:48:17.054" endtime="20251001 14:48:17.054"/>
</kw>
<status status="PASS" starttime="20251001 14:48:17.050" endtime="20251001 14:48:17.054"/>
</kw>
<kw name="Log To Console" library="BuiltIn">
<arg>Response: ${response.json()}</arg>
<doc>Logs the given message to the console.</doc>
<status status="PASS" starttime="20251001 14:48:17.054" endtime="20251001 14:48:17.054"/>
</kw>
<doc>Valida que não é possível cadastrar carrinho sem token</doc>
<tag>cadastro</tag>
<tag>carrinho</tag>
<tag>negativo</tag>
<tag>POST</tag>
<status status="PASS" starttime="20251001 14:48:16.126" endtime="20251001 14:48:17.054"/>
</test>
<test id="s1-s1-s1-t5" name="SCRUM-33: POST - Cadastrar carrinho duplicado" line="84">
<kw name="Criar Usuario E Retornar Token" library="auth_keywords">
<var>${token_limpo}</var>
<doc>Cria um usuário administrador e retorna o token de autenticação</doc>
<kw name="Gerar Dados de Usuário" library="usuarios_keywords">
<var>${usuario}</var>
<arg>administrador=true</arg>
<doc>Gera dados válidos para cadastro de novo usuário</doc>
<kw name="Gerar Nome" library="FakerHelper">
<var>${nome}</var>
<doc>Gera um nome aleatório</doc>
<msg timestamp="20251001 14:48:17.185" level="INFO">${nome} = Luiz Felipe Ferreira</msg>
<status status="PASS" starttime="20251001 14:48:17.062" endtime="20251001 14:48:17.185"/>
</kw>
<kw name="Gerar Email" library="FakerHelper">
<var>${email}</var>
<doc>Gera um email aleatório único</doc>
<msg timestamp="20251001 14:48:17.194" level="INFO">${email} = heitorferreira@example.net</msg>
<status status="PASS" starttime="20251001 14:48:17.194" endtime="20251001 14:48:17.194"/>
</kw>
<kw name="Gerar Senha" library="FakerHelper">
<var>${password}</var>
<arg>tamanho=8</arg>
<doc>Gera uma senha aleatória</doc>
<msg timestamp="20251001 14:48:17.194" level="INFO">${password} = L3QR9InL</msg>
<status status="PASS" starttime="20251001 14:48:17.194" endtime="20251001 14:48:17.194"/>
</kw>
<kw name="Create Dictionary" library="BuiltIn">
<var>${usuario}</var>
<arg>nome=${nome}</arg>
<arg>email=${email}</arg>
<arg>password=${password}</arg>
<arg>administrador=${administrador}</arg>
<doc>Creates and returns a dictionary based on the given ``items``.</doc>
<msg timestamp="20251001 14:48:17.194" level="INFO">${usuario} = {'nome': 'Luiz Felipe Ferreira', 'email': 'heitorferreira@example.net', 'password': 'L3QR9InL', 'administrador': 'true'}</msg>
<status status="PASS" starttime="20251001 14:48:17.194" endtime="20251001 14:48:17.194"/>
</kw>
<return>
<value>${usuario}</value>
<status status="PASS" starttime="20251001 14:48:17.194" endtime="20251001 14:48:17.194"/>
</return>
<msg timestamp="20251001 14:48:17.194" level="INFO">${usuario} = {'nome': 'Luiz Felipe Ferreira', 'email': 'heitorferreira@example.net', 'password': 'L3QR9InL', 'administrador': 'true'}</msg>
<status status="PASS" starttime="20251001 14:48:17.062" endtime="20251001 14:48:17.194"/>
</kw>
<kw name="Cadastrar Usuario" library="usuarios_keywords">
<var>${response_cadastro}</var>
<arg>${usuario}</arg>
<doc>Cadastra um novo usuário</doc>
<kw name="Create Session" library="RequestsLibrary">
<arg>serverest</arg>
<arg>${BASE_URL}</arg>
<arg>verify=True</arg>
<doc>Create Session: create a HTTP session to a server</doc>
<msg timestamp="20251001 14:48:17.194" level="INFO">Creating Session using : alias=serverest, url=https://compassuol.serverest.dev, headers={},                     cookies={}, auth=None, timeout=None, proxies=None, verify=True,                     debug=0 </msg>
<status status="PASS" starttime="20251001 14:48:17.194" endtime="20251001 14:48:17.194"/>
</kw>
<kw name="POST On Session" library="RequestsLibrary">
<var>${response}</var>
<arg>serverest</arg>
<arg>${ENDPOINT_USUARIOS}</arg>
<arg>json=${usuario_data}</arg>
<arg>expected_status=any</arg>
<doc>Sends a POST request on a previously created HTTP Session.</doc>
<msg timestamp="20251001 14:48:18.067" level="INFO">POST Request : url=https://compassuol.serverest.dev/usuarios 
 path_url=/usuarios 
 headers={'User-Agent': 'python-requests/2.31.0', 'Accept-Encoding': 'gzip, deflate', 'Accept': '*/*', 'Connection': 'keep-alive', 'Content-Length': '120', 'Content-Type': 'application/json'} 
 body=b'{"nome": "Luiz Felipe Ferreira", "email": "heitorferreira@example.net", "password": "L3QR9InL", "administrador": "true"}' 
 </msg>
<msg timestamp="20251001 14:48:18.067" level="INFO">POST Response : url=https://compassuol.serverest.dev/usuarios 
 status=201, reason=Created 
 headers={'access-control-allow-origin': '*', 'x-dns-prefetch-control': 'off', 'x-frame-options': 'SAMEORIGIN', 'strict-transport-security': 'max-age=15552000; includeSubDomains', 'x-download-options': 'noopen', 'x-content-type-options': 'nosniff', 'x-xss-protection': '1; mode=block', 'content-type': 'application/json; charset=utf-8', 'x-cloud-trace-context': '22214b23a7179846cb1b59be546b6a28', 'date': 'Wed, 01 Oct 2025 17:48:17 GMT', 'server': 'Google Frontend', 'Content-Length': '82'} 
 body={
    "message": "Cadastro realizado com sucesso",
    "_id": "eSPmrYFvijpEtWk0"
} 
 </msg>
<msg timestamp="20251001 14:48:18.067" level="INFO">${response} = &lt;Response [201]&gt;</msg>
<status status="PASS" starttime="20251001 14:48:17.194" endtime="20251001 14:48:18.067"/>
</kw>
<return>
<value>${response}</value>
<status status="PASS" starttime="20251001 14:48:18.067" endtime="20251001 14:48:18.067"/>
</return>
<msg timestamp="20251001 14:48:18.067" level="INFO">${response_cadastro} = &lt;Response [201]&gt;</msg>
<status status="PASS" starttime="20251001 14:48:17.194" endtime="20251001 14:48:18.067"/>
</kw>
<kw name="Should Be Equal As Numbers" library="BuiltIn">
<arg>${response_cadastro.status_code}</arg>
<arg>${STATUS_201}</arg>
<doc>Fails if objects are unequal after converting them to real numbers.</doc>
<msg timestamp="20251001 14:48:18.075" level="INFO">Argument types are:
&lt;class 'int'&gt;
&lt;class 'str'&gt;</msg>
<status status="PASS" starttime="20251001 14:48:18.067" endtime="20251001 14:48:18.075"/>
</kw>
<kw name="Realizar Login" library="auth_keywords">
<var>${response_login}</var>
<arg>${usuario}[email]</arg>
<arg>${usuario}[password]</arg>
<kw name="Create Dictionary" library="BuiltIn">
<var>${body}</var>
<arg>email=${email}</arg>
<arg>password=${password}</arg>
<doc>Creates and returns a dictionary based on the given ``items``.</doc>
<msg timestamp="20251001 14:48:18.077" level="INFO">${body} = {'email': 'heitorferreira@example.net', 'password': 'L3QR9InL'}</msg>
<status status="PASS" starttime="20251001 14:48:18.077" endtime="20251001 14:48:18.077"/>
</kw>
<kw name="Create Session" library="RequestsLibrary">
<arg>serverest</arg>
<arg>${BASE_URL}</arg>
<arg>verify=True</arg>
<doc>Create Session: create a HTTP session to a server</doc>
<msg timestamp="20251001 14:48:18.078" level="INFO">Creating Session using : alias=serverest, url=https://compassuol.serverest.dev, headers={},                     cookies={}, auth=None, timeout=None, proxies=None, verify=True,                     debug=0 </msg>
<status status="PASS" starttime="20251001 14:48:18.077" endtime="20251001 14:48:18.078"/>
</kw>
<kw name="POST On Session" library="RequestsLibrary">
<var>${response}</var>
<arg>serverest</arg>
<arg>${ENDPOINT_LOGIN}</arg>
<arg>json=${body}</arg>
<arg>expected_status=any</arg>
<doc>Sends a POST request on a previously created HTTP Session.</doc>
<msg timestamp="20251001 14:48:18.994" level="INFO">POST Request : url=https://compassuol.serverest.dev/login 
 path_url=/login 
 headers={'User-Agent': 'python-requests/2.31.0', 'Accept-Encoding': 'gzip, deflate', 'Accept': '*/*', 'Connection': 'keep-alive', 'Content-Length': '63', 'Content-Type': 'application/json'} 
 body=b'{"email": "heitorferreira@example.net", "password": "L3QR9InL"}' 
 </msg>
<msg timestamp="20251001 14:48:18.994" level="INFO">POST Response : url=https://compassuol.serverest.dev/login 
 status=200, reason=OK 
 headers={'access-control-allow-origin': '*', 'x-dns-prefetch-control': 'off', 'x-frame-options': 'SAMEORIGIN', 'strict-transport-security': 'max-age=15552000; includeSubDomains', 'x-download-options': 'noopen', 'x-content-type-options': 'nosniff', 'x-xss-protection': '1; mode=block', 'content-type': 'application/json; charset=utf-8', 'x-cloud-trace-context': '1ef73ed59a72f07b56ef8f190d80364a', 'date': 'Wed, 01 Oct 2025 17:48:18 GMT', 'server': 'Google Frontend', 'Content-Length': '287'} 
 body={
    "message": "Login realizado com sucesso",
    "authorization": "Bearer eyJhbGciOiJIUzI1NiIsInR5cCI6IkpXVCJ9.eyJlbWFpbCI6ImhlaXRvcmZlcnJlaXJhQGV4YW1wbGUubmV0IiwicGFzc3dvcmQiOiJMM1FSOUluTCIsImlhdCI6MTc1OTM0MDg5OCwiZXhwIjoxNzU5MzQxNDk4fQ.qMVp3DH-XDz744zZgOOw-7MPQSUFXQPcbtmrxKdcCr0"
} 
 </msg>
<msg timestamp="20251001 14:48:18.994" level="INFO">${response} = &lt;Response [200]&gt;</msg>
<status status="PASS" starttime="20251001 14:48:18.078" endtime="20251001 14:48:18.994"/>
</kw>
<return>
<value>${response}</value>
<status status="PASS" starttime="20251001 14:48:18.994" endtime="20251001 14:48:18.994"/>
</return>
<msg timestamp="20251001 14:48:18.994" level="INFO">${response_login} = &lt;Response [200]&gt;</msg>
<status status="PASS" starttime="20251001 14:48:18.075" endtime="20251001 14:48:18.994"/>
</kw>
<kw name="Extrair Token Da Resposta" library="auth_keywords">
<var>${token}</var>
<arg>${response_login}</arg>
<doc>Extrai o token de autorização da resposta de login</doc>
<kw name="Get From Dictionary" library="Collections">
<var>${token}</var>
<arg>${response.json()}</arg>
<arg>authorization</arg>
<doc>Returns a value from the given ``dictionary`` based on the given ``key``.</doc>
<msg timestamp="20251001 14:48:18.994" level="INFO">${token} = Bearer eyJhbGciOiJIUzI1NiIsInR5cCI6IkpXVCJ9.eyJlbWFpbCI6ImhlaXRvcmZlcnJlaXJhQGV4YW1wbGUubmV0IiwicGFzc3dvcmQiOiJMM1FSOUluTCIsImlhdCI6MTc1OTM0MDg5OCwiZXhwIjoxNzU5MzQxNDk4fQ.qMVp3DH-XDz744zZgOOw-7MPQSUFX...</msg>
<status status="PASS" starttime="20251001 14:48:18.994" endtime="20251001 14:48:18.994"/>
</kw>
<return>
<value>${token}</value>
<status status="PASS" starttime="20251001 14:48:18.994" endtime="20251001 14:48:19.000"/>
</return>
<msg timestamp="20251001 14:48:19.000" level="INFO">${token} = Bearer eyJhbGciOiJIUzI1NiIsInR5cCI6IkpXVCJ9.eyJlbWFpbCI6ImhlaXRvcmZlcnJlaXJhQGV4YW1wbGUubmV0IiwicGFzc3dvcmQiOiJMM1FSOUluTCIsImlhdCI6MTc1OTM0MDg5OCwiZXhwIjoxNzU5MzQxNDk4fQ.qMVp3DH-XDz744zZgOOw-7MPQSUFX...</msg>
<status status="PASS" starttime="20251001 14:48:18.994" endtime="20251001 14:48:19.000"/>
</kw>
<return>
<value>${token}</value>
<status status="PASS" starttime="20251001 14:48:19.000" endtime="20251001 14:48:19.000"/>
</return>
<msg timestamp="20251001 14:48:19.000" level="INFO">${token_limpo} = Bearer eyJhbGciOiJIUzI1NiIsInR5cCI6IkpXVCJ9.eyJlbWFpbCI6ImhlaXRvcmZlcnJlaXJhQGV4YW1wbGUubmV0IiwicGFzc3dvcmQiOiJMM1FSOUluTCIsImlhdCI6MTc1OTM0MDg5OCwiZXhwIjoxNzU5MzQxNDk4fQ.qMVp3DH-XDz744zZgOOw-7MPQSUFX...</msg>
<status status="PASS" starttime="20251001 14:48:17.062" endtime="20251001 14:48:19.000"/>
</kw>
<kw name="Criar Dados Carrinho" library="carrinho_keywords">
<var>${carrinho}</var>
<arg>${PRODUTO_ID}</arg>
<arg>quantidade=1</arg>
<doc>Cria os dados de um carrinho com um ou mais produtos</doc>
<kw name="Create Dictionary" library="BuiltIn">
<var>${produto_item}</var>
<arg>idProduto=${produto_id}</arg>
<arg>quantidade=${quantidade}</arg>
<doc>Creates and returns a dictionary based on the given ``items``.</doc>
<msg timestamp="20251001 14:48:19.004" level="INFO">${produto_item} = {'idProduto': '5ZnuVsIwy5ARD9x9', 'quantidade': '1'}</msg>
<status status="PASS" starttime="20251001 14:48:19.000" endtime="20251001 14:48:19.004"/>
</kw>
<kw name="Create List" library="BuiltIn">
<var>${produtos_list}</var>
<arg>${produto_item}</arg>
<doc>Returns a list containing given items.</doc>
<msg timestamp="20251001 14:48:19.004" level="INFO">${produtos_list} = [{'idProduto': '5ZnuVsIwy5ARD9x9', 'quantidade': '1'}]</msg>
<status status="PASS" starttime="20251001 14:48:19.004" endtime="20251001 14:48:19.004"/>
</kw>
<kw name="Create Dictionary" library="BuiltIn">
<var>${carrinho}</var>
<arg>produtos=${produtos_list}</arg>
<doc>Creates and returns a dictionary based on the given ``items``.</doc>
<msg timestamp="20251001 14:48:19.004" level="INFO">${carrinho} = {'produtos': [{'idProduto': '5ZnuVsIwy5ARD9x9', 'quantidade': '1'}]}</msg>
<status status="PASS" starttime="20251001 14:48:19.004" endtime="20251001 14:48:19.004"/>
</kw>
<return>
<value>${carrinho}</value>
<status status="PASS" starttime="20251001 14:48:19.004" endtime="20251001 14:48:19.004"/>
</return>
<msg timestamp="20251001 14:48:19.004" level="INFO">${carrinho} = {'produtos': [{'idProduto': '5ZnuVsIwy5ARD9x9', 'quantidade': '1'}]}</msg>
<status status="PASS" starttime="20251001 14:48:19.000" endtime="20251001 14:48:19.004"/>
</kw>
<kw name="Cadastrar Carrinho Com Token" library="carrinho_keywords">
<var>${response1}</var>
<arg>${carrinho}</arg>
<arg>${token_limpo}</arg>
<doc>Cadastra um carrinho com token de autenticação</doc>
<kw name="Create Dictionary" library="BuiltIn">
<var>${headers}</var>
<arg>Authorization=${token}</arg>
<arg>Content-Type=${CONTENT_TYPE}</arg>
<doc>Creates and returns a dictionary based on the given ``items``.</doc>
<msg timestamp="20251001 14:48:19.009" level="INFO">${headers} = {'Authorization': 'Bearer eyJhbGciOiJIUzI1NiIsInR5cCI6IkpXVCJ9.eyJlbWFpbCI6ImhlaXRvcmZlcnJlaXJhQGV4YW1wbGUubmV0IiwicGFzc3dvcmQiOiJMM1FSOUluTCIsImlhdCI6MTc1OTM0MDg5OCwiZXhwIjoxNzU5MzQxNDk4fQ.qMVp3DH-XD...</msg>
<status status="PASS" starttime="20251001 14:48:19.004" endtime="20251001 14:48:19.009"/>
</kw>
<kw name="Create Session" library="RequestsLibrary">
<arg>serverest</arg>
<arg>${BASE_URL}</arg>
<arg>verify=True</arg>
<doc>Create Session: create a HTTP session to a server</doc>
<msg timestamp="20251001 14:48:19.009" level="INFO">Creating Session using : alias=serverest, url=https://compassuol.serverest.dev, headers={},                     cookies={}, auth=None, timeout=None, proxies=None, verify=True,                     debug=0 </msg>
<status status="PASS" starttime="20251001 14:48:19.009" endtime="20251001 14:48:19.009"/>
</kw>
<kw name="POST On Session" library="RequestsLibrary">
<var>${response}</var>
<arg>serverest</arg>
<arg>${ENDPOINT_CARRINHOS}</arg>
<arg>json=${carrinho_data}</arg>
<arg>headers=${headers}</arg>
<arg>expected_status=any</arg>
<doc>Sends a POST request on a previously created HTTP Session.</doc>
<msg timestamp="20251001 14:48:20.222" level="INFO">POST Request : url=https://compassuol.serverest.dev/carrinhos 
 path_url=/carrinhos 
 headers={'User-Agent': 'python-requests/2.31.0', 'Accept-Encoding': 'gzip, deflate', 'Accept': '*/*', 'Connection': 'keep-alive', 'Authorization': 'Bearer eyJhbGciOiJIUzI1NiIsInR5cCI6IkpXVCJ9.eyJlbWFpbCI6ImhlaXRvcmZlcnJlaXJhQGV4YW1wbGUubmV0IiwicGFzc3dvcmQiOiJMM1FSOUluTCIsImlhdCI6MTc1OTM0MDg5OCwiZXhwIjoxNzU5MzQxNDk4fQ.qMVp3DH-XDz744zZgOOw-7MPQSUFXQPcbtmrxKdcCr0', 'Content-Type': 'application/json', 'Content-Length': '68'} 
 body=b'{"produtos": [{"idProduto": "5ZnuVsIwy5ARD9x9", "quantidade": "1"}]}' 
 </msg>
<msg timestamp="20251001 14:48:20.222" level="INFO">POST Response : url=https://compassuol.serverest.dev/carrinhos 
 status=201, reason=Created 
[...]
} 
 </msg>
<msg timestamp="20251001 14:48:59.240" level="INFO">${response} = &lt;Response [401]&gt;</msg>
<status status="PASS" starttime="20251001 14:48:58.124" endtime="20251001 14:48:59.240"/>
</kw>
<return>
<value>${response}</value>
<status status="PASS" starttime="20251001 14:48:59.240" endtime="20251001 14:48:59.240"/>
</return>
<msg timestamp="20251001 14:48:59.240" level="INFO">${response} = &lt;Response [401]&gt;</msg>
<status status="PASS" starttime="20251001 14:48:58.118" endtime="20251001 14:48:59.240"/>
</kw>
<kw name="Validar Erro De Login" library="auth_keywords">
<arg>${response}</arg>
<arg>Email e/ou senha inválidos</arg>
<doc>Valida mensagem de erro no login</doc>
<kw name="Should Be Equal As Numbers" library="BuiltIn">
<arg>${response.status_code}</arg>
<arg>${STATUS_401}</arg>
<doc>Fails if objects are unequal after converting them to real numbers.</doc>
<msg timestamp="20251001 14:48:59.243" level="INFO">Argument types are:
&lt;class 'int'&gt;
&lt;class 'str'&gt;</msg>
<status status="PASS" starttime="20251001 14:48:59.243" endtime="20251001 14:48:59.243"/>
</kw>
<kw name="Dictionary Should Contain Key" library="Collections">
<arg>${response.json()}</arg>
<arg>message</arg>
<doc>Fails if ``key`` is not found from ``dictionary``.</doc>
<status status="PASS" starttime="20251001 14:48:59.243" endtime="20251001 14:48:59.243"/>
</kw>
<kw name="Should Be Equal" library="BuiltIn">
<arg>${response.json()}[message]</arg>
<arg>${mensagem_esperada}</arg>
<doc>Fails if the given objects are unequal.</doc>
<status status="PASS" starttime="20251001 14:48:59.243" endtime="20251001 14:48:59.243"/>
</kw>
<status status="PASS" starttime="20251001 14:48:59.242" endtime="20251001 14:48:59.243"/>
</kw>
<doc>Valida erro ao tentar login com senha incorreta</doc>
<tag>login</tag>
<tag>negativo</tag>
<tag>POST</tag>
<tag>usuarios</tag>
<status status="PASS" starttime="20251001 14:48:56.898" endtime="20251001 14:48:59.243"/>
</test>
<test id="s1-s3-s1-t8" name="SCRUM-27: Cadastrar usuário com senha &gt; 10 caracteres" line="90">
<kw name="Gerar Senha" library="FakerHelper">
<var>${senha_longa}</var>
<arg>tamanho=11</arg>
<doc>Gera uma senha aleatória</doc>
<msg timestamp="20251001 14:48:59.383" level="INFO">${senha_longa} = kyMSdnBhx2f</msg>
<status status="PASS" starttime="20251001 14:48:59.243" endtime="20251001 14:48:59.383"/>
</kw>
<kw name="Gerar Dados de Usuário" library="usuarios_keywords">
<var>${usuario}</var>
<doc>Gera dados válidos para cadastro de novo usuário</doc>
<kw name="Gerar Nome" library="FakerHelper">
<var>${nome}</var>
<doc>Gera um nome aleatório</doc>
<msg timestamp="20251001 14:48:59.385" level="INFO">${nome} = Enzo Gabriel Vieira</msg>
<status status="PASS" starttime="20251001 14:48:59.385" endtime="20251001 14:48:59.385"/>
</kw>
<kw name="Gerar Email" library="FakerHelper">
<var>${email}</var>
<doc>Gera um email aleatório único</doc>
<msg timestamp="20251001 14:48:59.385" level="INFO">${email} = tda-cruz@example.net</msg>
<status status="PASS" starttime="20251001 14:48:59.385" endtime="20251001 14:48:59.385"/>
</kw>
<kw name="Gerar Senha" library="FakerHelper">
<var>${password}</var>
<arg>tamanho=8</arg>
<doc>Gera uma senha aleatória</doc>
<msg timestamp="20251001 14:48:59.385" level="INFO">${password} = 1CyCOjzE</msg>
<status status="PASS" starttime="20251001 14:48:59.385" endtime="20251001 14:48:59.385"/>
</kw>
<kw name="Create Dictionary" library="BuiltIn">
<var>${usuario}</var>
<arg>nome=${nome}</arg>
<arg>email=${email}</arg>
<arg>password=${password}</arg>
<arg>administrador=${administrador}</arg>
<doc>Creates and returns a dictionary based on the given ``items``.</doc>
<msg timestamp="20251001 14:48:59.385" level="INFO">${usuario} = {'nome': 'Enzo Gabriel Vieira', 'email': 'tda-cruz@example.net', 'password': '1CyCOjzE', 'administrador': 'true'}</msg>
<status status="PASS" starttime="20251001 14:48:59.385" endtime="20251001 14:48:59.385"/>
</kw>
<return>
<value>${usuario}</value>
<status status="PASS" starttime="20251001 14:48:59.385" endtime="20251001 14:48:59.385"/>
</return>
<msg timestamp="20251001 14:48:59.385" level="INFO">${usuario} = {'nome': 'Enzo Gabriel Vieira', 'email': 'tda-cruz@example.net', 'password': '1CyCOjzE', 'administrador': 'true'}</msg>
<status status="PASS" starttime="20251001 14:48:59.383" endtime="20251001 14:48:59.385"/>
</kw>
<kw name="Set To Dictionary" library="Collections">
<arg>${usuario}</arg>
<arg>password=${senha_longa}</arg>
<doc>Adds the given ``key_value_pairs`` and/or ``items`` to the ``dictionary``.</doc>
<status status="PASS" starttime="20251001 14:48:59.389" endtime="20251001 14:48:59.389"/>
</kw>
<kw name="Cadastrar Usuario" library="usuarios_keywords">
<var>${response}</var>
<arg>${usuario}</arg>
<doc>Cadastra um novo usuário</doc>
<kw name="Create Session" library="RequestsLibrary">
<arg>serverest</arg>
<arg>${BASE_URL}</arg>
<arg>verify=True</arg>
<doc>Create Session: create a HTTP session to a server</doc>
<msg timestamp="20251001 14:48:59.389" level="INFO">Creating Session using : alias=serverest, url=https://compassuol.serverest.dev, headers={},                     cookies={}, auth=None, timeout=None, proxies=None, verify=True,                     debug=0 </msg>
<status status="PASS" starttime="20251001 14:48:59.389" endtime="20251001 14:48:59.389"/>
</kw>
<kw name="POST On Session" library="RequestsLibrary">
<var>${response}</var>
<arg>serverest</arg>
<arg>${ENDPOINT_USUARIOS}</arg>
<arg>json=${usuario_data}</arg>
<arg>expected_status=any</arg>
<doc>Sends a POST request on a previously created HTTP Session.</doc>
<msg timestamp="20251001 14:49:00.364" level="INFO">POST Request : url=https://compassuol.serverest.dev/usuarios 
 path_url=/usuarios 
 headers={'User-Agent': 'python-requests/2.31.0', 'Accept-Encoding': 'gzip, deflate', 'Accept': '*/*', 'Connection': 'keep-alive', 'Content-Length': '116', 'Content-Type': 'application/json'} 
 body=b'{"nome": "Enzo Gabriel Vieira", "email": "tda-cruz@example.net", "password": "kyMSdnBhx2f", "administrador": "true"}' 
 </msg>
<msg timestamp="20251001 14:49:00.364" level="INFO">POST Response : url=https://compassuol.serverest.dev/usuarios 
 status=201, reason=Created 
 headers={'access-control-allow-origin': '*', 'x-dns-prefetch-control': 'off', 'x-frame-options': 'SAMEORIGIN', 'strict-transport-security': 'max-age=15552000; includeSubDomains', 'x-download-options': 'noopen', 'x-content-type-options': 'nosniff', 'x-xss-protection': '1; mode=block', 'content-type': 'application/json; charset=utf-8', 'x-cloud-trace-context': 'b7951a4ced5946d37a58fd010f170e97', 'date': 'Wed, 01 Oct 2025 17:49:00 GMT', 'server': 'Google Frontend', 'Content-Length': '82'} 
 body={
    "message": "Cadastro realizado com sucesso",
    "_id": "2tXhNVzE0eL3w0xM"
} 
 </msg>
<msg timestamp="20251001 14:49:00.364" level="INFO">${response} = &lt;Response [201]&gt;</msg>
<status status="PASS" starttime="20251001 14:48:59.389" endtime="20251001 14:49:00.364"/>
</kw>
<return>
<value>${response}</value>
<status status="PASS" starttime="20251001 14:49:00.364" endtime="20251001 14:49:00.364"/>
</return>
<msg timestamp="20251001 14:49:00.364" level="INFO">${response} = &lt;Response [201]&gt;</msg>
<status status="PASS" starttime="20251001 14:48:59.389" endtime="20251001 14:49:00.364"/>
</kw>
<kw name="Validar Cadastro Usuario Com Sucesso" library="usuarios_keywords">
<arg>${response}</arg>
<doc>Valida cadastro de usuário com sucesso</doc>
<kw name="Should Be Equal As Numbers" library="BuiltIn">
<arg>${response.status_code}</arg>
<arg>${STATUS_201}</arg>
<doc>Fails if objects are unequal after converting them to real numbers.</doc>
<msg timestamp="20251001 14:49:00.367" level="INFO">Argument types are:
&lt;class 'int'&gt;
&lt;class 'str'&gt;</msg>
<status status="PASS" starttime="20251001 14:49:00.367" endtime="20251001 14:49:00.367"/>
</kw>
<kw name="Dictionary Should Contain Key" library="Collections">
<arg>${response.json()}</arg>
<arg>message</arg>
<doc>Fails if ``key`` is not found from ``dictionary``.</doc>
<status status="PASS" starttime="20251001 14:49:00.367" endtime="20251001 14:49:00.367"/>
</kw>
<kw name="Dictionary Should Contain Key" library="Collections">
<arg>${response.json()}</arg>
<arg>_id</arg>
<doc>Fails if ``key`` is not found from ``dictionary``.</doc>
<status status="PASS" starttime="20251001 14:49:00.367" endtime="20251001 14:49:00.367"/>
</kw>
<kw name="Should Be Equal" library="BuiltIn">
<arg>${response.json()}[message]</arg>
<arg>Cadastro realizado com sucesso</arg>
<doc>Fails if the given objects are unequal.</doc>
<status status="PASS" starttime="20251001 14:49:00.367" endtime="20251001 14:49:00.367"/>
</kw>
<status status="PASS" starttime="20251001 14:49:00.367" endtime="20251001 14:49:00.367"/>
</kw>
<kw name="Log To Console" library="BuiltIn">
<arg>Senha cadastrada: ${senha_longa}</arg>
<doc>Logs the given message to the console.</doc>
<status status="PASS" starttime="20251001 14:49:00.372" endtime="20251001 14:49:00.372"/>
</kw>
<kw name="Should Be Equal As Numbers" library="BuiltIn">
<arg>${response.status_code}</arg>
<arg>${STATUS_400}</arg>
<doc>Fails if objects are unequal after converting them to real numbers.</doc>
<msg timestamp="20251001 14:49:00.372" level="INFO">Argument types are:
&lt;class 'int'&gt;
&lt;class 'str'&gt;</msg>
<msg timestamp="20251001 14:49:00.372" level="FAIL">201.0 != 400.0</msg>
<status status="FAIL" starttime="20251001 14:49:00.372" endtime="20251001 14:49:00.372"/>
</kw>
<doc>Não deve ser possível cadastrar usuário com senha maior que 10 caracteres</doc>
<tag>bug</tag>
<tag>cadastro</tag>
<tag>negativo</tag>
<tag>POST</tag>
<tag>usuarios</tag>
<status status="FAIL" starttime="20251001 14:48:59.243" endtime="20251001 14:49:00.372">201.0 != 400.0</status>
</test>
<test id="s1-s3-s1-t9" name="SCRUM-28: Cadastrar usuário com email com @gmail.com" line="105">
<kw name="Gerar Senha" library="FakerHelper">
<var>${inicio_email}</var>
<arg>tamanho=6</arg>
<doc>Gera uma senha aleatória</doc>
<msg timestamp="20251001 14:49:00.503" level="INFO">${inicio_email} = p2eXLe</msg>
<status status="PASS" starttime="20251001 14:49:00.379" endtime="20251001 14:49:00.503"/>
</kw>
<kw name="Catenate" library="BuiltIn">
<var>${email_gmail}</var>
<arg>SEPARATOR=</arg>
<arg>${inicio_email}</arg>
<arg>@gmail.com</arg>
<doc>Catenates the given items together and returns the resulted string.</doc>
<msg timestamp="20251001 14:49:00.503" level="INFO">${email_gmail} = p2eXLe@gmail.com</msg>
<status status="PASS" starttime="20251001 14:49:00.503" endtime="20251001 14:49:00.503"/>
</kw>
<kw name="Gerar Dados de Usuário" library="usuarios_keywords">
<var>${usuario}</var>
<doc>Gera dados válidos para cadastro de novo usuário</doc>
<kw name="Gerar Nome" library="FakerHelper">
<var>${nome}</var>
<doc>Gera um nome aleatório</doc>
<msg timestamp="20251001 14:49:00.503" level="INFO">${nome} = Stephany da Paz</msg>
<status status="PASS" starttime="20251001 14:49:00.503" endtime="20251001 14:49:00.503"/>
</kw>
<kw name="Gerar Email" library="FakerHelper">
<var>${email}</var>
<doc>Gera um email aleatório único</doc>
<msg timestamp="20251001 14:49:00.510" level="INFO">${email} = da-costaalexandre@example.com</msg>
<status status="PASS" starttime="20251001 14:49:00.510" endtime="20251001 14:49:00.510"/>
</kw>
<kw name="Gerar Senha" library="FakerHelper">
<var>${password}</var>
<arg>tamanho=8</arg>
<doc>Gera uma senha aleatória</doc>
<msg timestamp="20251001 14:49:00.510" level="INFO">${password} = SS5UmiEp</msg>
<status status="PASS" starttime="20251001 14:49:00.510" endtime="20251001 14:49:00.510"/>
</kw>
<kw name="Create Dictionary" library="BuiltIn">
<var>${usuario}</var>
<arg>nome=${nome}</arg>
<arg>email=${email}</arg>
<arg>password=${password}</arg>
<arg>administrador=${administrador}</arg>
<doc>Creates and returns a dictionary based on the given ``items``.</doc>
<msg timestamp="20251001 14:49:00.510" level="INFO">${usuario} = {'nome': 'Stephany da Paz', 'email': 'da-costaalexandre@example.com', 'password': 'SS5UmiEp', 'administrador': 'true'}</msg>
<status status="PASS" starttime="20251001 14:49:00.510" endtime="20251001 14:49:00.510"/>
</kw>
<return>
<value>${usuario}</value>
<status status="PASS" starttime="20251001 14:49:00.510" endtime="20251001 14:49:00.510"/>
</return>
<msg timestamp="20251001 14:49:00.510" level="INFO">${usuario} = {'nome': 'Stephany da Paz', 'email': 'da-costaalexandre@example.com', 'password': 'SS5UmiEp', 'administrador': 'true'}</msg>
<status status="PASS" starttime="20251001 14:49:00.503" endtime="20251001 14:49:00.510"/>
</kw>
<kw name="Set To Dictionary" library="Collections">
<arg>${usuario}</arg>
<arg>email=${email_gmail}</arg>
<arg>password=teste123</arg>
<doc>Adds the given ``key_value_pairs`` and/or ``items`` to the ``dictionary``.</doc>
<status status="PASS" starttime="20251001 14:49:00.510" endtime="20251001 14:49:00.510"/>
</kw>
<kw name="Cadastrar Usuario" library="usuarios_keywords">
<var>${response}</var>
<arg>${usuario}</arg>
<doc>Cadastra um novo usuário</doc>
<kw name="Create Session" library="RequestsLibrary">
<arg>serverest</arg>
<arg>${BASE_URL}</arg>
<arg>verify=True</arg>
<doc>Create Session: create a HTTP session to a server</doc>
<msg timestamp="20251001 14:49:00.510" level="INFO">Creating Session using : alias=serverest, url=https://compassuol.serverest.dev, headers={},                     cookies={}, auth=None, timeout=None, proxies=None, verify=True,                     debug=0 </msg>
<status status="PASS" starttime="20251001 14:49:00.510" endtime="20251001 14:49:00.510"/>
</kw>
<kw name="POST On Session" library="RequestsLibrary">
<var>${response}</var>
<arg>serverest</arg>
<arg>${ENDPOINT_USUARIOS}</arg>
<arg>json=${usuario_data}</arg>
<arg>expected_status=any</arg>
<doc>Sends a POST request on a previously created HTTP Session.</doc>
<msg timestamp="20251001 14:49:01.491" level="INFO">POST Request : url=https://compassuol.serverest.dev/usuarios 
 path_url=/usuarios 
 headers={'User-Agent': 'python-requests/2.31.0', 'Accept-Encoding': 'gzip, deflate', 'Accept': '*/*', 'Connection': 'keep-alive', 'Content-Length': '105', 'Content-Type': 'application/json'} 
 body=b'{"nome": "Stephany da Paz", "email": "p2eXLe@gmail.com", "password": "teste123", "administrador": "true"}' 
 </msg>
<msg timestamp="20251001 14:49:01.491" level="INFO">POST Response : url=https://compassuol.serverest.dev/usuarios 
 status=201, reason=Created 
 headers={'access-control-allow-origin': '*', 'x-dns-prefetch-control': 'off', 'x-frame-options': 'SAMEORIGIN', 'strict-transport-security': 'max-age=15552000; includeSubDomains', 'x-download-options': 'noopen', 'x-content-type-options': 'nosniff', 'x-xss-protection': '1; mode=block', 'content-type': 'application/json; charset=utf-8', 'x-cloud-trace-context': 'e77b34ce0183276d7991b02828ccd398', 'date': 'Wed, 01 Oct 2025 17:49:01 GMT', 'server': 'Google Frontend', 'Content-Length': '82'} 
 body={
    "message": "Cadastro realizado com sucesso",
    "_id": "WfIE7q78P0p4xan2"
} 
 </msg>
<msg timestamp="20251001 14:49:01.491" level="INFO">${response} = &lt;Response [201]&gt;</msg>
<status status="PASS" starttime="20251001 14:49:00.510" endtime="20251001 14:49:01.491"/>
</kw>
<return>
<value>${response}</value>
<status status="PASS" starttime="20251001 14:49:01.491" endtime="20251001 14:49:01.491"/>
</return>
<msg timestamp="20251001 14:49:01.491" level="INFO">${response} = &lt;Response [201]&gt;</msg>
<status status="PASS" starttime="20251001 14:49:00.510" endtime="20251001 14:49:01.491"/>
</kw>
<kw name="Validar Cadastro Usuario Com Sucesso" library="usuarios_keywords">
<arg>${response}</arg>
<doc>Valida cadastro de usuário com sucesso</doc>
<kw name="Should Be Equal As Numbers" library="BuiltIn">
<arg>${response.status_code}</arg>
<arg>${STATUS_201}</arg>
<doc>Fails if objects are unequal after converting them to real numbers.</doc>
<msg timestamp="20251001 14:49:01.491" level="INFO">Argument types are:
&lt;class 'int'&gt;
&lt;class 'str'&gt;</msg>
<status status="PASS" starttime="20251001 14:49:01.491" endtime="20251001 14:49:01.491"/>
</kw>
<kw name="Dictionary Should Contain Key" library="Collections">
<arg>${response.json()}</arg>
<arg>message</arg>
<doc>Fails if ``key`` is not found from ``dictionary``.</doc>
<status status="PASS" starttime="20251001 14:49:01.491" endtime="20251001 14:49:01.491"/>
</kw>
<kw name="Dictionary Should Contain Key" library="Collections">
<arg>${response.json()}</arg>
<arg>_id</arg>
<doc>Fails if ``key`` is not found from ``dictionary``.</doc>
<status status="PASS" starttime="20251001 14:49:01.491" endtime="20251001 14:49:01.491"/>
</kw>
<kw name="Should Be Equal" library="BuiltIn">
<arg>${response.json()}[message]</arg>
<arg>Cadastro realizado com sucesso</arg>
<doc>Fails if the given objects are unequal.</doc>
<status status="PASS" starttime="20251001 14:49:01.491" endtime="20251001 14:49:01.491"/>
</kw>
<status status="PASS" starttime="20251001 14:49:01.491" endtime="20251001 14:49:01.491"/>
</kw>
<kw name="Should Be Equal As Numbers" library="BuiltIn">
<arg>${response.status_code}</arg>
<arg>${STATUS_400}</arg>
<doc>Fails if objects are unequal after converting them to real numbers.</doc>
<msg timestamp="20251001 14:49:01.491" level="INFO">Argument types are:
&lt;class 'int'&gt;
&lt;class 'str'&gt;</msg>
<msg timestamp="20251001 14:49:01.499" level="FAIL">201.0 != 400.0</msg>
<status status="FAIL" starttime="20251001 14:49:01.491" endtime="20251001 14:49:01.499"/>
</kw>
<kw name="Log To Console" library="BuiltIn">
<arg>Usuário cadastrado com email Gmail: ${email_gmail}</arg>
<doc>Logs the given message to the console.</doc>
<status status="NOT RUN" starttime="20251001 14:49:01.499" endtime="20251001 14:49:01.499"/>
</kw>
<doc>Valida que é possível cadastrar usuário com email @gmail.com</doc>
<tag>bug</tag>
<tag>cadastro</tag>
<tag>negativo</tag>
<tag>POST</tag>
<tag>usuarios</tag>
<status status="FAIL" starttime="20251001 14:49:00.372" endtime="20251001 14:49:01.499">201.0 != 400.0</status>
</test>
<doc>Testes de cadastro e autenticação de usuários</doc>
<status status="FAIL" starttime="20251001 14:48:47.769" endtime="20251001 14:49:01.499"/>
</suite>
<status status="FAIL" starttime="20251001 14:48:47.759" endtime="20251001 14:49:01.499"/>
</suite>
<status status="FAIL" starttime="20251001 14:48:04.073" endtime="20251001 14:49:01.507"/>
</suite>
<statistics>
<total>
<stat pass="18" fail="7" skip="0">All Tests</stat>
</total>
<tag>
<stat pass="0" fail="5" skip="0">bug</stat>
<stat pass="9" fail="4" skip="0">cadastro</stat>
<stat pass="6" fail="1" skip="0">carrinho</stat>
<stat pass="0" fail="3" skip="0">consulta</stat>
<stat pass="4" fail="0" skip="0">DELETE</stat>
<stat pass="1" fail="0" skip="0">edicao</stat>
<stat pass="4" fail="0" skip="0">exclusao</stat>
<stat pass="0" fail="3" skip="0">GET</stat>
<stat pass="3" fail="0" skip="0">login</stat>
<stat pass="11" fail="6" skip="0">negativo</stat>
<stat pass="7" fail="1" skip="0">positivo</stat>
<stat pass="12" fail="4" skip="0">POST</stat>
<stat pass="6" fail="3" skip="0">produtos</stat>
<stat pass="2" fail="0" skip="0">PUT</stat>
<stat pass="4" fail="1" skip="0">smoke</stat>
<stat pass="6" fail="3" skip="0">usuarios</stat>
</tag>
<suite>
<stat pass="18" fail="7" skip="0" id="s1" name="Tests">Tests</stat>
<stat pass="6" fail="1" skip="0" id="s1-s1" name="Carrinho">Tests.Carrinho</stat>
<stat pass="6" fail="1" skip="0" id="s1-s1-s1" name="Tests Carrinho">Tests.Carrinho.Tests Carrinho</stat>
<stat pass="6" fail="3" skip="0" id="s1-s2" name="Produtos">Tests.Produtos</stat>
<stat pass="6" fail="3" skip="0" id="s1-s2-s1" name="Tests Produtos">Tests.Produtos.Tests Produtos</stat>
<stat pass="6" fail="3" skip="0" id="s1-s3" name="Usuarios">Tests.Usuarios</stat>
<stat pass="6" fail="3" skip="0" id="s1-s3-s1" name="Tests Cadastro Login">Tests.Usuarios.Tests Cadastro Login</stat>
</suite>
</statistics>
<errors>
</errors>
</robot>
